PRT1
68
143
4 0 5 (1248 4128 -588 ) (1248 4128 1680 ) (1248 4640 1680 ) (1248 4640 -588 ) 
4 0 6 (1248 4640 -1208 ) (1248 4128 -1208 ) (1248 4128 -948 ) (1248 4640 -948 ) 
4 0 4 (1248 4768 -1208 ) (1248 4640 -1208 ) (1248 4640 1680 ) (1248 4768 1680 ) 
4 0 3 (1248 4128 -948 ) (1248 4128 -1208 ) (1320 4128 -1208 ) (1320 4128 -948 ) 
4 0 1 (1248 4128 1680 ) (1248 4128 -808 ) (1320 4128 -808 ) (1320 4128 1680 ) 
4 1 26 (1320 4096 -808 ) (1320 4096 1680 ) (1248 4096 1680 ) (1248 4096 -808 ) 
4 1 5 (1248 4096 -588 ) (1248 4096 1680 ) (1248 4128 1680 ) (1248 4128 -588 ) 
4 2 27 (1320 4096 -936 ) (1320 4096 -816 ) (1248 4096 -816 ) (1248 4096 -936 ) 
4 3 28 (1320 4096 -1208 ) (1320 4096 -948 ) (1248 4096 -948 ) (1248 4096 -1208 ) 
4 3 6 (1248 4128 -1208 ) (1248 4096 -1208 ) (1248 4096 -948 ) (1248 4128 -948 ) 
4 4 14 (1216 4768 -936 ) (1216 4768 -948 ) (1216 4640 -948 ) (1216 4640 -936 ) 
4 4 15 (1216 4768 -948 ) (1216 4768 -1208 ) (1216 4640 -1208 ) (1216 4640 -948 ) 
4 4 7 (1216 4640 1680 ) (1216 4768 1680 ) (1216 4768 -936 ) (1216 4640 -936 ) 
4 4 5 (1248 4640 -588 ) (1248 4640 1680 ) (1216 4640 1680 ) (1216 4640 -588 ) 
4 4 6 (1216 4640 -1208 ) (1248 4640 -1208 ) (1248 4640 -948 ) (1216 4640 -948 ) 
4 5 30 (1216 4096 1680 ) (1216 4096 -588 ) (1248 4096 -588 ) (1248 4096 1680 ) 
4 5 10 (1216 4096 -588 ) (1216 4096 1680 ) (1216 4320 1680 ) (1216 4320 -588 ) 
4 5 8 (1216 4416 1680 ) (1216 4448 1680 ) (1216 4448 -588 ) (1216 4416 -588 ) 
4 5 9 (1216 4320 1680 ) (1216 4416 1680 ) (1216 4416 -588 ) (1216 4320 -588 ) 
4 5 7 (1216 4448 1680 ) (1216 4640 1680 ) (1216 4640 -588 ) (1216 4448 -588 ) 
4 6 31 (1216 4096 -948 ) (1216 4096 -1208 ) (1248 4096 -1208 ) (1248 4096 -948 ) 
4 6 15 (1216 4096 -1208 ) (1216 4096 -948 ) (1216 4640 -948 ) (1216 4640 -1208 ) 
4 7 16 (1024 4768 -936 ) (1024 4448 -936 ) (1024 4448 1680 ) (1024 4768 1680 ) 
4 7 14 (1024 4640 -936 ) (1024 4768 -936 ) (1216 4768 -936 ) (1216 4640 -936 ) 
4 7 8 (1216 4448 -588 ) (1216 4448 1680 ) (1024 4448 1680 ) (1024 4448 -588 ) 
4 8 17 (1024 4416 -588 ) (1024 4416 1680 ) (1024 4448 1680 ) (1024 4448 -588 ) 
4 8 9 (1216 4416 -588 ) (1216 4416 1680 ) (1024 4416 1680 ) (1024 4416 -588 ) 
4 9 18 (1024 4416 -936 ) (1024 4320 -936 ) (1024 4320 1680 ) (1024 4416 1680 ) 
4 9 10 (1216 4320 -736 ) (1216 4320 1680 ) (1024 4320 1680 ) (1024 4320 -736 ) 
4 10 33 (1216 4096 -736 ) (1216 4096 1680 ) (1024 4096 1680 ) (1024 4096 -736 ) 
4 10 19 (1024 4096 -736 ) (1024 4096 1680 ) (1024 4320 1680 ) (1024 4320 -736 ) 
4 11 21 (1024 4192 -936 ) (1024 4120 -936 ) (1024 4120 -756 ) (1024 4192 -756 ) 
4 11 20 (1024 4300 -936 ) (1024 4192 -936 ) (1024 4192 -756 ) (1024 4300 -756 ) 
4 11 13 (1024 4120 -936 ) (1208 4120 -936 ) (1208 4120 -756 ) (1024 4120 -756 ) 
4 12 34 (1216 4096 -936 ) (1216 4096 -816 ) (1208 4096 -816 ) (1208 4096 -936 ) 
4 12 13 (1208 4120 -816 ) (1208 4120 -936 ) (1208 4096 -936 ) (1208 4096 -816 ) 
4 13 35 (1208 4096 -756 ) (1024 4096 -756 ) (1024 4096 -936 ) (1208 4096 -936 ) 
4 13 21 (1024 4120 -936 ) (1024 4096 -936 ) (1024 4096 -756 ) (1024 4120 -756 ) 
4 14 24 (1024 4640 -936 ) (1024 4768 -936 ) (1024 4768 -948 ) (1024 4640 -948 ) 
4 14 15 (1024 4768 -948 ) (1216 4768 -948 ) (1216 4640 -948 ) (1024 4640 -948 ) 
4 15 41 (1216 4096 -1208 ) (1216 4096 -948 ) (1024 4096 -948 ) (1024 4096 -1208 ) 
4 15 25 (1024 4768 -1208 ) (1024 4096 -1208 ) (1024 4096 -948 ) (1024 4768 -948 ) 
4 16 52 (0 4448 1680 ) (0 4768 1680 ) (0 4768 -936 ) (0 4448 -936 ) 
4 16 24 (1024 4768 -936 ) (1024 4640 -936 ) (0 4640 -936 ) (0 4768 -936 ) 
4 16 17 (1024 4448 -588 ) (1024 4448 1680 ) (0 4448 1680 ) (0 4448 -588 ) 
4 17 53 (0 4416 1680 ) (0 4448 1680 ) (0 4448 -588 ) (0 4416 -588 ) 
4 17 18 (1024 4416 -588 ) (1024 4416 1680 ) (0 4416 1680 ) (0 4416 -588 ) 
4 18 54 (0 4320 1680 ) (0 4416 1680 ) (0 4416 -936 ) (0 4320 -936 ) 
4 18 19 (1024 4320 -736 ) (1024 4320 1680 ) (768 4320 1680 ) (768 4320 -736 ) 
4 18 23 (0 4320 -936 ) (768 4320 -936 ) (768 4320 1680 ) (0 4320 1680 ) 
4 19 42 (1024 4096 -736 ) (1024 4096 1680 ) (768 4096 1680 ) (768 4096 -736 ) 
4 19 23 (768 4320 1680 ) (768 4320 -736 ) (768 4096 -736 ) (768 4096 1680 ) 
4 20 21 (1024 4192 -756 ) (788 4192 -756 ) (788 4192 -936 ) (1024 4192 -936 ) 
4 21 43 (788 4096 -936 ) (1024 4096 -936 ) (1024 4096 -756 ) (788 4096 -756 ) 
4 21 22 (788 4192 -800 ) (788 4192 -936 ) (788 4096 -936 ) (788 4096 -800 ) 
4 22 44 (768 4096 -936 ) (788 4096 -936 ) (788 4096 -800 ) (768 4096 -800 ) 
4 22 23 (768 4192 -936 ) (768 4096 -936 ) (768 4096 -800 ) (768 4192 -800 ) 
4 23 54 (0 4096 -936 ) (0 4096 1680 ) (0 4320 1680 ) (0 4320 -936 ) 
4 23 46 (0 4096 1680 ) (0 4096 -936 ) (768 4096 -936 ) (768 4096 1680 ) 
4 24 56 (0 4640 -936 ) (0 4768 -936 ) (0 4768 -948 ) (0 4640 -948 ) 
4 24 25 (0 4640 -948 ) (0 4768 -948 ) (1024 4768 -948 ) (1024 4640 -948 ) 
4 25 57 (0 4096 -1208 ) (0 4096 -948 ) (0 4640 -948 ) (0 4640 -1208 ) 
4 25 56 (0 4640 -948 ) (0 4768 -948 ) (0 4768 -1208 ) (0 4640 -1208 ) 
4 25 51 (0 4096 -948 ) (0 4096 -1208 ) (1024 4096 -1208 ) (1024 4096 -948 ) 
4 26 30 (1248 4096 1680 ) (1248 4096 -588 ) (1248 4016 -588 ) (1248 4016 1680 ) 
4 26 29 (1248 4016 1680 ) (1248 4016 -808 ) (1320 4016 -808 ) (1320 4016 1680 ) 
4 28 31 (1248 4096 -948 ) (1248 4096 -1208 ) (1248 4016 -1208 ) (1248 4016 -948 ) 
4 28 29 (1248 4016 -948 ) (1248 4016 -1208 ) (1320 4016 -1208 ) (1320 4016 -948 ) 
4 29 30 (1248 3512 -588 ) (1248 3512 1680 ) (1248 4016 1680 ) (1248 4016 -588 ) 
4 29 31 (1248 4016 -1208 ) (1248 3512 -1208 ) (1248 3512 -948 ) (1248 4016 -948 ) 
4 29 32 (1248 3512 -1208 ) (1248 3488 -1208 ) (1248 3488 1680 ) (1248 3512 1680 ) 
4 30 39 (1216 3512 1680 ) (1216 3704 1680 ) (1216 3704 -588 ) (1216 3512 -588 ) 
4 30 38 (1216 3704 1680 ) (1216 3736 1680 ) (1216 3736 -588 ) (1216 3704 -588 ) 
4 30 37 (1216 3736 1680 ) (1216 3832 1680 ) (1216 3832 -588 ) (1216 3736 -588 ) 
4 30 33 (1216 3832 1680 ) (1216 4096 1680 ) (1216 4096 -588 ) (1216 3832 -588 ) 
4 30 32 (1248 3512 -588 ) (1248 3512 1680 ) (1216 3512 1680 ) (1216 3512 -588 ) 
4 31 41 (1216 4096 -948 ) (1216 4096 -1208 ) (1216 3512 -1208 ) (1216 3512 -948 ) 
4 31 32 (1216 3512 -1208 ) (1248 3512 -1208 ) (1248 3512 -948 ) (1216 3512 -948 ) 
4 32 40 (1216 3512 -936 ) (1216 3512 -948 ) (1216 3488 -948 ) (1216 3488 -936 ) 
4 32 41 (1216 3512 -948 ) (1216 3512 -1208 ) (1216 3488 -1208 ) (1216 3488 -948 ) 
4 32 39 (1216 3488 1680 ) (1216 3512 1680 ) (1216 3512 -936 ) (1216 3488 -936 ) 
4 33 42 (1024 4096 1680 ) (1024 4096 -736 ) (1024 3832 -736 ) (1024 3832 1680 ) 
4 33 37 (1216 3832 -736 ) (1216 3832 1680 ) (1024 3832 1680 ) (1024 3832 -736 ) 
4 34 35 (1208 4096 -936 ) (1208 4024 -936 ) (1208 4024 -816 ) (1208 4096 -816 ) 
4 35 43 (1024 4096 -756 ) (1024 4096 -936 ) (1024 4024 -936 ) (1024 4024 -756 ) 
4 35 36 (1024 4024 -936 ) (1208 4024 -936 ) (1208 4024 -756 ) (1024 4024 -756 ) 
4 36 45 (1024 3960 -936 ) (1024 3852 -936 ) (1024 3852 -756 ) (1024 3960 -756 ) 
4 36 43 (1024 4024 -936 ) (1024 3960 -936 ) (1024 3960 -756 ) (1024 4024 -756 ) 
4 37 47 (1024 3832 -936 ) (1024 3736 -936 ) (1024 3736 1680 ) (1024 3832 1680 ) 
4 37 38 (1216 3736 -588 ) (1216 3736 1680 ) (1024 3736 1680 ) (1024 3736 -588 ) 
4 38 48 (1024 3704 -588 ) (1024 3704 1680 ) (1024 3736 1680 ) (1024 3736 -588 ) 
4 38 39 (1216 3704 -588 ) (1216 3704 1680 ) (1024 3704 1680 ) (1024 3704 -588 ) 
4 39 49 (1024 3704 -936 ) (1024 3488 -936 ) (1024 3488 1680 ) (1024 3704 1680 ) 
4 39 40 (1024 3488 -936 ) (1024 3512 -936 ) (1216 3512 -936 ) (1216 3488 -936 ) 
4 40 50 (1024 3512 -948 ) (1024 3488 -948 ) (1024 3488 -936 ) (1024 3512 -936 ) 
4 40 41 (1216 3488 -948 ) (1024 3488 -948 ) (1024 3512 -948 ) (1216 3512 -948 ) 
4 41 51 (1024 4096 -948 ) (1024 4096 -1208 ) (1024 3488 -1208 ) (1024 3488 -948 ) 
4 42 47 (1024 3832 -736 ) (1024 3832 1680 ) (768 3832 1680 ) (768 3832 -736 ) 
4 42 46 (768 3832 -736 ) (768 3832 1680 ) (768 4096 1680 ) (768 4096 -736 ) 
4 43 45 (1024 3960 -756 ) (788 3960 -756 ) (788 3960 -936 ) (1024 3960 -936 ) 
4 43 44 (788 4096 -936 ) (788 3960 -936 ) (788 3960 -800 ) (788 4096 -800 ) 
4 44 46 (768 4096 -936 ) (768 3960 -936 ) (768 3960 -800 ) (768 4096 -800 ) 
4 46 60 (0 3832 1680 ) (0 4096 1680 ) (0 4096 -936 ) (0 3832 -936 ) 
4 46 47 (0 3832 -936 ) (768 3832 -936 ) (768 3832 1680 ) (0 3832 1680 ) 
4 47 60 (0 3736 1680 ) (0 3832 1680 ) (0 3832 -936 ) (0 3736 -936 ) 
4 47 48 (1024 3736 -588 ) (1024 3736 1680 ) (0 3736 1680 ) (0 3736 -588 ) 
4 48 61 (0 3704 1680 ) (0 3736 1680 ) (0 3736 -588 ) (0 3704 -588 ) 
4 48 49 (1024 3704 -588 ) (1024 3704 1680 ) (0 3704 1680 ) (0 3704 -588 ) 
4 49 62 (0 3488 1680 ) (0 3704 1680 ) (0 3704 -936 ) (0 3488 -936 ) 
4 49 50 (0 3488 -936 ) (0 3512 -936 ) (1024 3512 -936 ) (1024 3488 -936 ) 
4 50 65 (0 3488 -936 ) (0 3512 -936 ) (0 3512 -948 ) (0 3488 -948 ) 
4 50 51 (0 3488 -948 ) (0 3512 -948 ) (1024 3512 -948 ) (1024 3488 -948 ) 
4 51 64 (0 3512 -948 ) (0 4096 -948 ) (0 4096 -1208 ) (0 3512 -1208 ) 
4 51 65 (0 3488 -948 ) (0 3512 -948 ) (0 3512 -1208 ) (0 3488 -1208 ) 
4 52 56 (-320 4640 -936 ) (-320 4768 -936 ) (0 4768 -936 ) (0 4640 -936 ) 
4 52 53 (-320 4448 1680 ) (-320 4448 -588 ) (0 4448 -588 ) (0 4448 1680 ) 
4 52 55 (-320 4768 1680 ) (-320 4768 -936 ) (-320 4448 -936 ) (-320 4448 1680 ) 
4 53 55 (-320 4416 -588 ) (-320 4416 1680 ) (-320 4448 1680 ) (-320 4448 -588 ) 
4 53 54 (-320 4416 1680 ) (-320 4416 -588 ) (0 4416 -588 ) (0 4416 1680 ) 
4 54 60 (0 4096 -936 ) (0 4096 1680 ) (-320 4096 1680 ) (-320 4096 -936 ) 
4 54 55 (-320 4416 -936 ) (-320 4096 -936 ) (-320 4096 1680 ) (-320 4416 1680 ) 
4 55 63 (-320 4096 1680 ) (-1024 4096 1680 ) (-1024 4096 -936 ) (-320 4096 -936 ) 
4 55 59 (-1024 4096 -936 ) (-1024 4096 1680 ) (-1024 4768 1680 ) (-1024 4768 -936 ) 
4 55 58 (-320 4096 -936 ) (-1024 4096 -936 ) (-1024 4768 -936 ) (-320 4768 -936 ) 
4 56 57 (-320 4640 -948 ) (-320 4640 -1208 ) (0 4640 -1208 ) (0 4640 -948 ) 
4 56 58 (-320 4768 -936 ) (-320 4768 -1208 ) (-320 4640 -1208 ) (-320 4640 -936 ) 
4 57 64 (0 4096 -1208 ) (0 4096 -948 ) (-320 4096 -948 ) (-320 4096 -1208 ) 
4 57 58 (-320 4640 -1208 ) (-320 4096 -1208 ) (-320 4096 -948 ) (-320 4640 -948 ) 
4 58 66 (-320 4096 -936 ) (-1024 4096 -936 ) (-1024 4096 -1208 ) (-320 4096 -1208 ) 
4 58 59 (-1024 4096 -1208 ) (-1024 4096 -936 ) (-1024 4768 -936 ) (-1024 4768 -1208 ) 
4 59 67 (-1024 4096 -1208 ) (-1024 4096 1680 ) (-1520 4096 1680 ) (-1520 4096 -1208 ) 
4 60 61 (-320 3736 1680 ) (-320 3736 -588 ) (0 3736 -588 ) (0 3736 1680 ) 
4 60 63 (-320 4096 -936 ) (-320 3736 -936 ) (-320 3736 1680 ) (-320 4096 1680 ) 
4 61 63 (-320 3704 -588 ) (-320 3704 1680 ) (-320 3736 1680 ) (-320 3736 -588 ) 
4 61 62 (-320 3704 1680 ) (-320 3704 -588 ) (0 3704 -588 ) (0 3704 1680 ) 
4 62 65 (0 3512 -936 ) (0 3488 -936 ) (-320 3488 -936 ) (-320 3512 -936 ) 
4 62 63 (-320 3704 -936 ) (-320 3488 -936 ) (-320 3488 1680 ) (-320 3704 1680 ) 
4 63 67 (-1024 4096 1680 ) (-1024 4096 -936 ) (-1024 3488 -936 ) (-1024 3488 1680 ) 
4 63 66 (-1024 3488 -936 ) (-1024 4096 -936 ) (-320 4096 -936 ) (-320 3488 -936 ) 
4 64 65 (-320 3512 -948 ) (-320 3512 -1208 ) (0 3512 -1208 ) (0 3512 -948 ) 
4 64 66 (-320 4096 -1208 ) (-320 3512 -1208 ) (-320 3512 -948 ) (-320 4096 -948 ) 
4 65 66 (-320 3512 -1208 ) (-320 3488 -1208 ) (-320 3488 -936 ) (-320 3512 -936 ) 
4 66 67 (-1024 4096 -936 ) (-1024 4096 -1208 ) (-1024 3488 -1208 ) (-1024 3488 -936 ) 
