PRT1
101
244
4 0 22 (1298 1024 128 ) (1298 1024 272 ) (1296 1024 272 ) (1296 1024 128 ) 
4 0 21 (1298 1024 272 ) (1298 1024 274 ) (1296 1024 274 ) (1296 1024 272 ) 
4 0 2 (1296 1088 272 ) (1296 1088 274 ) (1296 1152 274 ) (1296 1152 272 ) 
4 0 1 (1296 1216 274 ) (1296 1216 128 ) (1296 1152 128 ) (1296 1152 274 ) 
4 0 3 (1296 1088 128 ) (1296 1024 128 ) (1296 1024 274 ) (1296 1088 274 ) 
4 1 5 (1280 1216 128 ) (1280 1152 128 ) (1280 1152 274 ) (1280 1216 274 ) 
4 1 2 (1296 1152 272 ) (1296 1152 274 ) (1280 1152 274 ) (1280 1152 272 ) 
4 2 6 (1280 1088 272 ) (1280 1088 274 ) (1280 1152 274 ) (1280 1152 272 ) 
4 2 3 (1296 1088 272 ) (1296 1088 274 ) (1280 1088 274 ) (1280 1088 272 ) 
4 3 21 (1296 1024 274 ) (1280 1024 274 ) (1280 1024 272 ) (1296 1024 272 ) 
4 3 8 (1280 1088 128 ) (1280 1024 128 ) (1280 1024 274 ) (1280 1088 274 ) 
4 4 12 (1024 1344 256 ) (1024 1344 0 ) (1024 1216 0 ) (1024 1216 256 ) 
4 4 5 (1024 1216 256 ) (1024 1216 0 ) (1280 1216 0 ) (1280 1216 256 ) 
4 5 12 (1024 1216 256 ) (1024 1216 0 ) (1024 1152 0 ) (1024 1152 256 ) 
4 5 9 (1024 1152 274 ) (1024 1216 274 ) (1024 1216 256 ) (1024 1152 256 ) 
4 5 6 (1280 1152 272 ) (1280 1152 274 ) (1024 1152 274 ) (1024 1152 272 ) 
4 5 7 (1024 1152 0 ) (1280 1152 0 ) (1280 1152 256 ) (1024 1152 256 ) 
4 6 10 (1024 1088 274 ) (1024 1152 274 ) (1024 1152 272 ) (1024 1088 272 ) 
4 6 8 (1280 1088 272 ) (1280 1088 274 ) (1024 1088 274 ) (1024 1088 272 ) 
4 7 12 (1024 1152 256 ) (1024 1152 0 ) (1024 1088 0 ) (1024 1088 256 ) 
4 7 8 (1024 1088 0 ) (1280 1088 0 ) (1280 1088 256 ) (1024 1088 256 ) 
4 8 32 (1280 1024 0 ) (1280 1024 256 ) (1024 1024 256 ) (1024 1024 0 ) 
4 8 27 (1280 1024 272 ) (1280 1024 274 ) (1024 1024 274 ) (1024 1024 272 ) 
4 8 12 (1024 1024 0 ) (1024 1024 256 ) (1024 1088 256 ) (1024 1088 0 ) 
4 8 11 (1024 1024 256 ) (1024 1024 274 ) (1024 1088 274 ) (1024 1088 256 ) 
4 9 14 (856 1208 256 ) (856 1152 256 ) (776 1152 256 ) (776 1208 256 ) 
4 9 13 (776 1216 256 ) (856 1216 256 ) (856 1208 256 ) (776 1208 256 ) 
4 9 20 (768 1152 256 ) (768 1216 256 ) (776 1216 256 ) (776 1152 256 ) 
4 9 12 (856 1216 256 ) (1024 1216 256 ) (1024 1152 256 ) (856 1152 256 ) 
4 9 10 (1024 1152 272 ) (1024 1152 274 ) (768 1152 274 ) (768 1152 272 ) 
4 10 11 (1024 1088 272 ) (1024 1088 274 ) (768 1088 274 ) (768 1088 272 ) 
4 11 42 (1024 1024 272 ) (1024 1024 274 ) (768 1024 274 ) (768 1024 272 ) 
4 11 19 (856 1048 256 ) (856 1024 256 ) (776 1024 256 ) (776 1048 256 ) 
4 11 17 (848 1088 256 ) (856 1088 256 ) (856 1048 256 ) (848 1048 256 ) 
4 11 18 (776 1088 256 ) (848 1088 256 ) (848 1048 256 ) (776 1048 256 ) 
4 11 20 (768 1024 256 ) (768 1088 256 ) (776 1088 256 ) (776 1024 256 ) 
4 11 12 (856 1088 256 ) (1024 1088 256 ) (1024 1024 256 ) (856 1024 256 ) 
4 12 47 (1024 1024 0 ) (1024 1024 256 ) (856 1024 256 ) (856 1024 0 ) 
4 12 19 (856 1024 8 ) (856 1024 256 ) (856 1048 256 ) (856 1048 8 ) 
4 12 16 (856 1104 64 ) (856 1104 256 ) (856 1120 256 ) (856 1120 64 ) 
4 12 15 (856 1128 0 ) (856 1120 0 ) (856 1120 256 ) (856 1128 256 ) 
4 12 17 (856 1104 0 ) (856 1048 0 ) (856 1048 256 ) (856 1104 256 ) 
4 12 14 (856 1128 8 ) (856 1128 256 ) (856 1208 256 ) (856 1208 8 ) 
4 12 13 (856 1344 256 ) (856 1344 0 ) (856 1208 0 ) (856 1208 256 ) 
4 13 14 (776 1208 256 ) (776 1208 8 ) (856 1208 8 ) (856 1208 256 ) 
4 13 20 (776 1344 256 ) (776 1344 0 ) (776 1208 0 ) (776 1208 256 ) 
4 14 15 (848 1128 8 ) (856 1128 8 ) (856 1128 256 ) (848 1128 256 ) 
4 14 18 (776 1128 256 ) (776 1128 8 ) (848 1128 8 ) (848 1128 256 ) 
4 14 20 (776 1128 8 ) (776 1128 256 ) (776 1208 256 ) (776 1208 8 ) 
4 15 16 (848 1120 256 ) (848 1120 64 ) (856 1120 64 ) (856 1120 256 ) 
4 15 18 (848 1128 256 ) (848 1128 0 ) (848 1120 0 ) (848 1120 256 ) 
4 16 18 (848 1104 64 ) (848 1104 256 ) (848 1120 256 ) (848 1120 64 ) 
4 16 17 (848 1104 256 ) (848 1104 64 ) (856 1104 64 ) (856 1104 256 ) 
4 17 19 (856 1048 8 ) (856 1048 256 ) (848 1048 256 ) (848 1048 8 ) 
4 17 18 (848 1104 0 ) (848 1048 0 ) (848 1048 256 ) (848 1104 256 ) 
4 18 19 (776 1048 256 ) (776 1048 8 ) (848 1048 8 ) (848 1048 256 ) 
4 18 20 (776 1128 0 ) (776 1048 0 ) (776 1048 256 ) (776 1128 256 ) 
4 19 50 (776 1024 64 ) (776 1024 8 ) (856 1024 8 ) (856 1024 64 ) 
4 19 49 (856 1024 256 ) (776 1024 256 ) (776 1024 64 ) (856 1024 64 ) 
4 19 20 (776 1024 8 ) (776 1024 256 ) (776 1048 256 ) (776 1048 8 ) 
4 20 67 (776 1024 256 ) (768 1024 256 ) (768 1024 0 ) (776 1024 0 ) 
4 21 27 (1280 512 274 ) (1280 1024 274 ) (1280 1024 272 ) (1280 512 272 ) 
4 21 26 (1280 512 272 ) (1280 576 272 ) (1296 576 272 ) (1296 512 272 ) 
4 21 25 (1280 640 272 ) (1280 704 272 ) (1296 704 272 ) (1296 640 272 ) 
4 21 23 (1280 896 272 ) (1280 960 272 ) (1296 960 272 ) (1296 896 272 ) 
4 21 24 (1280 768 272 ) (1280 832 272 ) (1296 832 272 ) (1296 768 272 ) 
4 21 22 (1296 1024 272 ) (1298 1024 272 ) (1298 512 272 ) (1296 512 272 ) 
4 22 26 (1296 576 128 ) (1296 512 128 ) (1296 512 272 ) (1296 576 272 ) 
4 22 25 (1296 704 128 ) (1296 640 128 ) (1296 640 272 ) (1296 704 272 ) 
4 22 23 (1296 960 128 ) (1296 896 128 ) (1296 896 272 ) (1296 960 272 ) 
4 22 24 (1296 832 128 ) (1296 768 128 ) (1296 768 272 ) (1296 832 272 ) 
4 23 32 (1280 960 256 ) (1280 960 128 ) (1280 896 128 ) (1280 896 256 ) 
4 23 28 (1280 896 272 ) (1280 960 272 ) (1280 960 256 ) (1280 896 256 ) 
4 24 32 (1280 832 256 ) (1280 832 128 ) (1280 768 128 ) (1280 768 256 ) 
4 24 29 (1280 768 272 ) (1280 832 272 ) (1280 832 256 ) (1280 768 256 ) 
4 25 32 (1280 704 256 ) (1280 704 128 ) (1280 640 128 ) (1280 640 256 ) 
4 25 30 (1280 640 272 ) (1280 704 272 ) (1280 704 256 ) (1280 640 256 ) 
4 26 32 (1280 576 256 ) (1280 576 128 ) (1280 512 128 ) (1280 512 256 ) 
4 26 31 (1280 512 272 ) (1280 576 272 ) (1280 576 256 ) (1280 512 256 ) 
4 27 42 (1024 1024 274 ) (1024 1024 272 ) (1024 512 272 ) (1024 512 274 ) 
4 27 31 (1024 512 272 ) (1024 576 272 ) (1280 576 272 ) (1280 512 272 ) 
4 27 30 (1024 640 272 ) (1024 704 272 ) (1280 704 272 ) (1280 640 272 ) 
4 27 28 (1024 896 272 ) (1024 960 272 ) (1280 960 272 ) (1280 896 272 ) 
4 27 29 (1024 768 272 ) (1024 832 272 ) (1280 832 272 ) (1280 768 272 ) 
4 28 43 (1024 960 256 ) (1024 896 256 ) (1024 896 272 ) (1024 960 272 ) 
4 28 32 (1280 960 256 ) (1280 896 256 ) (1024 896 256 ) (1024 960 256 ) 
4 29 44 (1024 832 256 ) (1024 768 256 ) (1024 768 272 ) (1024 832 272 ) 
4 29 32 (1280 832 256 ) (1280 768 256 ) (1024 768 256 ) (1024 832 256 ) 
4 30 45 (1024 704 256 ) (1024 640 256 ) (1024 640 272 ) (1024 704 272 ) 
4 30 32 (1280 704 256 ) (1280 640 256 ) (1024 640 256 ) (1024 704 256 ) 
4 31 46 (1024 576 256 ) (1024 512 256 ) (1024 512 272 ) (1024 576 272 ) 
4 31 32 (1280 576 256 ) (1280 512 256 ) (1024 512 256 ) (1024 576 256 ) 
4 32 47 (1024 1024 256 ) (1024 1024 0 ) (1024 408 0 ) (1024 408 256 ) 
4 32 40 (1024 408 0 ) (1088 408 0 ) (1088 408 256 ) (1024 408 256 ) 
4 32 37 (1176 408 8 ) (1176 408 256 ) (1096 408 256 ) (1096 408 8 ) 
4 32 36 (1176 408 0 ) (1192 408 0 ) (1192 408 256 ) (1176 408 256 ) 
4 32 39 (1088 408 0 ) (1096 408 0 ) (1096 408 256 ) (1088 408 256 ) 
4 32 34 (1272 408 8 ) (1272 408 256 ) (1192 408 256 ) (1192 408 8 ) 
4 32 33 (1272 408 0 ) (1280 408 0 ) (1280 408 256 ) (1272 408 256 ) 
4 33 34 (1272 408 256 ) (1272 408 8 ) (1272 328 8 ) (1272 328 256 ) 
4 33 35 (1272 328 0 ) (1272 320 0 ) (1272 320 256 ) (1272 328 256 ) 
4 34 36 (1192 408 256 ) (1192 408 8 ) (1192 328 8 ) (1192 328 256 ) 
4 34 35 (1192 328 256 ) (1192 328 8 ) (1272 328 8 ) (1272 328 256 ) 
4 35 36 (1192 328 0 ) (1192 320 0 ) (1192 320 256 ) (1192 328 256 ) 
4 36 37 (1176 408 256 ) (1176 408 8 ) (1176 328 8 ) (1176 328 256 ) 
4 36 38 (1176 328 0 ) (1176 320 0 ) (1176 320 256 ) (1176 328 256 ) 
4 37 38 (1096 328 256 ) (1096 328 8 ) (1176 328 8 ) (1176 328 256 ) 
4 37 39 (1096 408 256 ) (1096 408 8 ) (1096 328 8 ) (1096 328 256 ) 
4 38 39 (1096 328 0 ) (1096 320 0 ) (1096 320 256 ) (1096 328 256 ) 
4 39 41 (1088 320 48 ) (1088 320 256 ) (1088 384 256 ) (1088 384 48 ) 
4 39 40 (1088 408 256 ) (1088 408 0 ) (1088 384 0 ) (1088 384 256 ) 
4 40 47 (1024 408 0 ) (1024 384 0 ) (1024 384 256 ) (1024 408 256 ) 
4 40 41 (1088 384 48 ) (1088 384 256 ) (1024 384 256 ) (1024 384 48 ) 
4 41 48 (1024 320 48 ) (1024 320 256 ) (1024 384 256 ) (1024 384 48 ) 
4 42 46 (768 512 272 ) (768 576 272 ) (1024 576 272 ) (1024 512 272 ) 
4 42 45 (768 640 272 ) (768 704 272 ) (1024 704 272 ) (1024 640 272 ) 
4 42 44 (768 768 272 ) (768 832 272 ) (1024 832 272 ) (1024 768 272 ) 
4 42 43 (768 896 272 ) (768 960 272 ) (1024 960 272 ) (1024 896 272 ) 
4 43 49 (776 960 256 ) (856 960 256 ) (856 896 256 ) (776 896 256 ) 
4 43 67 (768 896 256 ) (768 960 256 ) (776 960 256 ) (776 896 256 ) 
4 43 47 (856 960 256 ) (1024 960 256 ) (1024 896 256 ) (856 896 256 ) 
4 44 49 (776 832 256 ) (856 832 256 ) (856 768 256 ) (776 768 256 ) 
4 44 67 (768 768 256 ) (768 832 256 ) (776 832 256 ) (776 768 256 ) 
4 44 47 (856 832 256 ) (1024 832 256 ) (1024 768 256 ) (856 768 256 ) 
4 45 49 (776 704 256 ) (856 704 256 ) (856 640 256 ) (776 640 256 ) 
4 45 67 (768 640 256 ) (768 704 256 ) (776 704 256 ) (776 640 256 ) 
4 45 47 (856 704 256 ) (1024 704 256 ) (1024 640 256 ) (856 640 256 ) 
4 46 49 (776 576 256 ) (856 576 256 ) (856 512 256 ) (776 512 256 ) 
4 46 67 (768 512 256 ) (768 576 256 ) (776 576 256 ) (776 512 256 ) 
4 46 47 (856 576 256 ) (1024 576 256 ) (1024 512 256 ) (856 512 256 ) 
4 47 59 (856 648 0 ) (856 640 0 ) (856 640 64 ) (856 648 64 ) 
4 47 60 (856 624 0 ) (856 384 0 ) (856 384 64 ) (856 624 64 ) 
4 47 58 (856 648 8 ) (856 648 64 ) (856 728 64 ) (856 728 8 ) 
4 47 57 (856 784 0 ) (856 728 0 ) (856 728 64 ) (856 784 64 ) 
4 47 55 (856 808 0 ) (856 800 0 ) (856 800 64 ) (856 808 64 ) 
4 47 54 (856 808 8 ) (856 808 64 ) (856 888 64 ) (856 888 8 ) 
4 47 51 (856 968 0 ) (856 960 0 ) (856 960 64 ) (856 968 64 ) 
4 47 52 (856 944 0 ) (856 888 0 ) (856 888 64 ) (856 944 64 ) 
4 47 50 (856 968 8 ) (856 968 64 ) (856 1024 64 ) (856 1024 8 ) 
4 47 49 (856 384 64 ) (856 384 256 ) (856 1024 256 ) (856 1024 64 ) 
4 47 48 (856 384 256 ) (856 384 48 ) (1024 384 48 ) (1024 384 256 ) 
4 48 62 (856 320 48 ) (856 320 256 ) (856 384 256 ) (856 384 48 ) 
4 49 64 (816 384 80 ) (816 384 256 ) (784 384 256 ) (784 384 80 ) 
4 49 66 (776 384 256 ) (776 384 64 ) (784 384 64 ) (784 384 256 ) 
4 49 62 (832 384 64 ) (856 384 64 ) (856 384 256 ) (832 384 256 ) 
4 49 63 (816 384 64 ) (832 384 64 ) (832 384 256 ) (816 384 256 ) 
4 49 59 (848 640 64 ) (848 648 64 ) (856 648 64 ) (856 640 64 ) 
4 49 60 (856 384 64 ) (848 384 64 ) (848 624 64 ) (856 624 64 ) 
4 49 61 (848 384 64 ) (776 384 64 ) (776 648 64 ) (848 648 64 ) 
4 49 58 (776 648 64 ) (776 728 64 ) (856 728 64 ) (856 648 64 ) 
4 49 57 (776 728 64 ) (776 784 64 ) (856 784 64 ) (856 728 64 ) 
4 49 55 (848 808 64 ) (856 808 64 ) (856 800 64 ) (848 800 64 ) 
4 49 56 (776 784 64 ) (776 808 64 ) (848 808 64 ) (848 784 64 ) 
4 49 54 (776 808 64 ) (776 888 64 ) (856 888 64 ) (856 808 64 ) 
4 49 51 (848 968 64 ) (856 968 64 ) (856 960 64 ) (848 960 64 ) 
4 49 52 (856 944 64 ) (856 888 64 ) (848 888 64 ) (848 944 64 ) 
4 49 53 (776 888 64 ) (776 968 64 ) (848 968 64 ) (848 888 64 ) 
4 49 50 (776 968 64 ) (776 1024 64 ) (856 1024 64 ) (856 968 64 ) 
4 49 67 (776 384 64 ) (776 384 256 ) (776 1024 256 ) (776 1024 64 ) 
4 50 51 (856 968 8 ) (856 968 64 ) (848 968 64 ) (848 968 8 ) 
4 50 53 (848 968 64 ) (776 968 64 ) (776 968 8 ) (848 968 8 ) 
4 50 67 (776 968 8 ) (776 968 64 ) (776 1024 64 ) (776 1024 8 ) 
4 51 53 (848 968 64 ) (848 968 0 ) (848 960 0 ) (848 960 64 ) 
4 52 54 (856 888 8 ) (856 888 64 ) (848 888 64 ) (848 888 8 ) 
4 52 53 (848 944 0 ) (848 888 0 ) (848 888 64 ) (848 944 64 ) 
4 53 54 (848 888 64 ) (776 888 64 ) (776 888 8 ) (848 888 8 ) 
4 53 67 (776 968 0 ) (776 888 0 ) (776 888 64 ) (776 968 64 ) 
4 54 55 (856 808 8 ) (856 808 64 ) (848 808 64 ) (848 808 8 ) 
4 54 56 (848 808 64 ) (776 808 64 ) (776 808 8 ) (848 808 8 ) 
4 54 67 (776 808 8 ) (776 808 64 ) (776 888 64 ) (776 888 8 ) 
4 55 56 (848 808 64 ) (848 808 0 ) (848 800 0 ) (848 800 64 ) 
4 56 57 (848 784 64 ) (776 784 64 ) (776 784 0 ) (848 784 0 ) 
4 56 67 (776 808 0 ) (776 784 0 ) (776 784 64 ) (776 808 64 ) 
4 57 58 (856 728 8 ) (856 728 64 ) (776 728 64 ) (776 728 8 ) 
4 57 67 (776 784 0 ) (776 728 0 ) (776 728 64 ) (776 784 64 ) 
4 58 59 (856 648 8 ) (856 648 64 ) (848 648 64 ) (848 648 8 ) 
4 58 61 (848 648 64 ) (776 648 64 ) (776 648 8 ) (848 648 8 ) 
4 58 67 (776 648 8 ) (776 648 64 ) (776 728 64 ) (776 728 8 ) 
4 59 61 (848 648 64 ) (848 648 0 ) (848 640 0 ) (848 640 64 ) 
4 60 62 (856 384 48 ) (856 384 64 ) (848 384 64 ) (848 384 48 ) 
4 60 61 (848 624 0 ) (848 384 0 ) (848 384 64 ) (848 624 64 ) 
4 61 66 (776 384 64 ) (776 384 0 ) (784 384 0 ) (784 384 64 ) 
4 61 62 (848 384 48 ) (848 384 64 ) (832 384 64 ) (832 384 48 ) 
4 61 63 (816 384 0 ) (832 384 0 ) (832 384 64 ) (816 384 64 ) 
4 61 67 (776 648 0 ) (776 384 0 ) (776 384 64 ) (776 648 64 ) 
4 62 63 (832 384 256 ) (832 384 48 ) (832 320 48 ) (832 320 256 ) 
4 63 64 (816 384 256 ) (816 384 80 ) (816 368 80 ) (816 368 256 ) 
4 63 65 (816 368 0 ) (816 320 0 ) (816 320 256 ) (816 368 256 ) 
4 64 65 (784 368 256 ) (784 368 80 ) (816 368 80 ) (816 368 256 ) 
4 64 66 (784 384 256 ) (784 384 80 ) (784 368 80 ) (784 368 256 ) 
4 65 66 (784 368 0 ) (784 320 0 ) (784 320 256 ) (784 368 256 ) 
4 66 67 (776 384 0 ) (776 320 0 ) (776 320 256 ) (776 384 256 ) 
4 67 76 (768 576 0 ) (768 448 0 ) (768 448 128 ) (768 576 128 ) 
4 68 72 (640 256 448 ) (512 256 448 ) (512 256 192 ) (640 256 192 ) 
4 69 72 (448 256 448 ) (320 256 448 ) (320 256 192 ) (448 256 192 ) 
4 70 72 (256 256 448 ) (128 256 448 ) (128 256 192 ) (256 256 192 ) 
4 71 80 (0 256 192 ) (0 256 448 ) (0 274 448 ) (0 274 192 ) 
4 71 72 (64 256 448 ) (0 256 448 ) (0 256 192 ) (64 256 192 ) 
4 72 86 (0 256 128 ) (0 128 128 ) (0 128 512 ) (0 256 512 ) 
4 72 79 (384 128 128 ) (0 128 128 ) (0 256 128 ) (384 256 128 ) 
4 72 77 (768 256 128 ) (768 128 128 ) (512 128 128 ) (512 256 128 ) 
4 72 78 (512 128 128 ) (384 128 128 ) (384 256 128 ) (512 256 128 ) 
4 72 75 (0 128 512 ) (0 128 128 ) (768 128 128 ) (768 128 512 ) 
4 73 87 (384 0 512 ) (640 0 512 ) (640 0 530 ) (384 0 530 ) 
4 73 75 (384 128 512 ) (640 128 512 ) (640 0 512 ) (384 0 512 ) 
4 74 88 (0 0 530 ) (0 0 512 ) (256 0 512 ) (256 0 530 ) 
4 74 84 (0 0 512 ) (0 0 530 ) (0 128 530 ) (0 128 512 ) 
4 74 75 (0 0 512 ) (0 128 512 ) (256 128 512 ) (256 0 512 ) 
4 75 89 (0 0 512 ) (0 0 128 ) (768 0 128 ) (768 0 512 ) 
4 75 86 (0 128 128 ) (0 0 128 ) (0 0 512 ) (0 128 512 ) 
4 75 79 (384 0 128 ) (0 0 128 ) (0 128 128 ) (384 128 128 ) 
4 75 77 (768 128 128 ) (768 0 128 ) (512 0 128 ) (512 128 128 ) 
4 75 78 (512 0 128 ) (384 0 128 ) (384 128 128 ) (512 128 128 ) 
4 76 78 (384 448 128 ) (384 448 0 ) (512 448 0 ) (512 448 128 ) 
4 77 89 (512 0 0 ) (768 0 0 ) (768 0 128 ) (512 0 128 ) 
4 77 78 (512 256 0 ) (512 0 0 ) (512 0 128 ) (512 256 128 ) 
4 78 89 (384 0 0 ) (512 0 0 ) (512 0 128 ) (384 0 128 ) 
4 78 79 (384 256 0 ) (384 0 0 ) (384 0 128 ) (384 256 128 ) 
4 79 89 (0 0 128 ) (0 0 0 ) (384 0 0 ) (384 0 128 ) 
4 79 86 (0 256 0 ) (0 0 0 ) (0 0 128 ) (0 256 128 ) 
4 80 86 (0 256 192 ) (0 256 448 ) (-64 256 448 ) (-64 256 192 ) 
4 81 86 (-128 256 448 ) (-256 256 448 ) (-256 256 192 ) (-128 256 192 ) 
4 82 86 (-320 256 448 ) (-448 256 448 ) (-448 256 192 ) (-320 256 192 ) 
4 83 86 (-512 256 448 ) (-640 256 448 ) (-640 256 192 ) (-512 256 192 ) 
4 84 94 (0 0 512 ) (0 0 530 ) (-256 0 530 ) (-256 0 512 ) 
4 84 86 (-256 128 512 ) (0 128 512 ) (0 0 512 ) (-256 0 512 ) 
4 85 95 (-384 0 530 ) (-640 0 530 ) (-640 0 512 ) (-384 0 512 ) 
4 85 86 (-640 128 512 ) (-384 128 512 ) (-384 0 512 ) (-640 0 512 ) 
4 86 96 (0 0 0 ) (0 0 512 ) (-768 0 512 ) (-768 0 0 ) 
4 87 89 (384 0 512 ) (640 0 512 ) (640 -128 512 ) (384 -128 512 ) 
4 88 94 (0 0 530 ) (0 0 512 ) (0 -128 512 ) (0 -128 530 ) 
4 88 89 (0 -128 512 ) (0 0 512 ) (256 0 512 ) (256 -128 512 ) 
4 89 96 (0 0 512 ) (0 0 0 ) (0 -256 0 ) (0 -256 512 ) 
4 89 93 (0 -256 448 ) (0 -256 192 ) (64 -256 192 ) (64 -256 448 ) 
4 89 91 (320 -256 192 ) (448 -256 192 ) (448 -256 448 ) (320 -256 448 ) 
4 89 92 (128 -256 192 ) (256 -256 192 ) (256 -256 448 ) (128 -256 448 ) 
4 89 90 (512 -256 192 ) (640 -256 192 ) (640 -256 448 ) (512 -256 448 ) 
4 93 97 (0 -274 192 ) (0 -274 448 ) (0 -256 448 ) (0 -256 192 ) 
4 94 96 (-256 0 512 ) (0 0 512 ) (0 -128 512 ) (-256 -128 512 ) 
4 95 96 (-640 0 512 ) (-384 0 512 ) (-384 -128 512 ) (-640 -128 512 ) 
4 96 100 (-512 -256 448 ) (-640 -256 448 ) (-640 -256 192 ) (-512 -256 192 ) 
4 96 99 (-320 -256 448 ) (-448 -256 448 ) (-448 -256 192 ) (-320 -256 192 ) 
4 96 97 (0 -256 192 ) (0 -256 448 ) (-64 -256 448 ) (-64 -256 192 ) 
4 96 98 (-128 -256 448 ) (-256 -256 448 ) (-256 -256 192 ) (-128 -256 192 ) 
