PRT1
172
489
4 0 25 (4096 3072 -688 ) (4096 3072 576 ) (4096 3120 576 ) (4096 3120 -688 ) 
4 0 23 (4096 3072 576 ) (4096 3072 586 ) (4096 3120 586 ) (4096 3120 576 ) 
4 0 22 (4096 3072 586 ) (4096 3072 924 ) (4096 3120 924 ) (4096 3120 586 ) 
4 0 18 (4096 3120 924 ) (4096 3600 924 ) (4096 3600 -688 ) (4096 3120 -688 ) 
4 0 15 (4096 3072 384 ) (4096 3072 -688 ) (4224 3072 -688 ) (4224 3072 384 ) 
4 0 9 (4224 3072 -688 ) (4336 3072 -688 ) (4336 3072 384 ) (4224 3072 384 ) 
4 0 8 (4336 3072 -688 ) (4496 3072 -688 ) (4496 3072 384 ) (4336 3072 384 ) 
4 0 5 (4096 3072 688 ) (4096 3072 384 ) (4224 3072 384 ) (4224 3072 688 ) 
4 0 3 (4224 3072 384 ) (4272 3072 384 ) (4272 3072 688 ) (4224 3072 688 ) 
4 0 2 (4272 3072 384 ) (4496 3072 384 ) (4496 3072 688 ) (4272 3072 688 ) 
4 0 1 (4096 3072 924 ) (4096 3072 688 ) (4496 3072 688 ) (4496 3072 924 ) 
4 1 52 (4496 2048 688 ) (4496 2048 924 ) (4096 2048 924 ) (4096 2048 688 ) 
4 1 26 (4096 2048 688 ) (4096 2048 924 ) (4096 3072 924 ) (4096 3072 688 ) 
4 1 5 (4096 2432 688 ) (4096 3072 688 ) (4224 3072 688 ) (4224 2432 688 ) 
4 1 7 (4096 2048 688 ) (4096 2368 688 ) (4224 2368 688 ) (4224 2048 688 ) 
4 1 3 (4224 3072 688 ) (4272 3072 688 ) (4272 2432 688 ) (4224 2432 688 ) 
4 1 4 (4272 2368 688 ) (4272 2048 688 ) (4224 2048 688 ) (4224 2368 688 ) 
4 1 2 (4272 3072 688 ) (4496 3072 688 ) (4496 2048 688 ) (4272 2048 688 ) 
4 2 52 (4496 2048 384 ) (4496 2048 688 ) (4272 2048 688 ) (4272 2048 384 ) 
3 2 13 (4336 2368 384 ) (4336 2304 384 ) (4288 2304 384 ) 
4 2 14 (4336 2048 384 ) (4272 2048 384 ) (4272 2304 384 ) (4336 2304 384 ) 
4 2 12 (4496 2432 384 ) (4496 2048 384 ) (4336 2048 384 ) (4336 2432 384 ) 
3 2 10 (4272 2445.497803 384 ) (4272 2480 384 ) (4318.009766 2480 384 ) 
4 2 9 (4272 3072 384 ) (4336 3072 384 ) (4336 2480 384 ) (4272 2480 384 ) 
4 2 8 (4336 3072 384 ) (4496 3072 384 ) (4496 2432 384 ) (4336 2432 384 ) 
4 2 3 (4272 3072 384 ) (4272 2432 384 ) (4272 2432 688 ) (4272 3072 688 ) 
4 2 4 (4272 2368 384 ) (4272 2048 384 ) (4272 2048 688 ) (4272 2368 688 ) 
5 3 10 (4272 2480 384 ) (4272 2445.497803 384 ) (4254 2432 384 ) (4224 2432 384 ) (4224 2480 384 ) 
4 3 9 (4224 3072 384 ) (4272 3072 384 ) (4272 2480 384 ) (4224 2480 384 ) 
4 3 5 (4224 3072 384 ) (4224 2432 384 ) (4224 2432 688 ) (4224 3072 688 ) 
4 4 52 (4272 2048 688 ) (4224 2048 688 ) (4224 2048 384 ) (4272 2048 384 ) 
4 4 14 (4272 2304 384 ) (4272 2048 384 ) (4224 2048 384 ) (4224 2304 384 ) 
4 4 7 (4224 2368 384 ) (4224 2048 384 ) (4224 2048 688 ) (4224 2368 688 ) 
4 5 35 (4096 2624 384 ) (4096 2432 384 ) (4096 2432 656 ) (4096 2624 656 ) 
4 5 33 (4096 3072 586 ) (4096 3072 576 ) (4096 2624 576 ) (4096 2624 586 ) 
4 5 32 (4096 3072 656 ) (4096 3072 586 ) (4096 2624 586 ) (4096 2624 656 ) 
4 5 34 (4096 3072 576 ) (4096 3072 384 ) (4096 2624 384 ) (4096 2624 576 ) 
4 5 27 (4096 2432 688 ) (4096 3072 688 ) (4096 3072 656 ) (4096 2432 656 ) 
4 5 15 (4096 3072 384 ) (4224 3072 384 ) (4224 2432 384 ) (4096 2432 384 ) 
4 5 6 (4096 2432 384 ) (4224 2432 384 ) (4224 2432 656 ) (4096 2432 656 ) 
4 6 35 (4096 2432 656 ) (4096 2432 384 ) (4096 2368 384 ) (4096 2368 656 ) 
4 6 15 (4224 2432 384 ) (4224 2368 384 ) (4096 2368 384 ) (4096 2432 384 ) 
4 6 7 (4096 2368 384 ) (4224 2368 384 ) (4224 2368 656 ) (4096 2368 656 ) 
4 7 52 (4224 2048 688 ) (4096 2048 688 ) (4096 2048 384 ) (4224 2048 384 ) 
4 7 36 (4096 2304 656 ) (4096 2368 656 ) (4096 2368 384 ) (4096 2304 384 ) 
4 7 38 (4096 2048 384 ) (4096 2048 656 ) (4096 2304 656 ) (4096 2304 384 ) 
4 7 29 (4096 2048 656 ) (4096 2048 688 ) (4096 2368 688 ) (4096 2368 656 ) 
4 7 17 (4224 2304 384 ) (4224 2048 384 ) (4096 2048 384 ) (4096 2304 384 ) 
4 8 12 (4336 2432 -688 ) (4496 2432 -688 ) (4496 2432 384 ) (4336 2432 384 ) 
4 8 11 (4336 2480 -688 ) (4336 2432 -688 ) (4336 2432 368 ) (4336 2480 368 ) 
4 8 9 (4336 3072 -688 ) (4336 2480 -688 ) (4336 2480 384 ) (4336 3072 384 ) 
4 9 15 (4224 3072 -688 ) (4224 2480 -688 ) (4224 2480 384 ) (4224 3072 384 ) 
4 9 10 (4224 2480 384 ) (4224 2480 368 ) (4318.009766 2480 368 ) (4318.009766 2480 384 ) 
4 9 11 (4224 2480 368 ) (4224 2480 -688 ) (4336 2480 -688 ) (4336 2480 368 ) 
4 10 15 (4224 2432 368 ) (4224 2432 384 ) (4224 2480 384 ) (4224 2480 368 ) 
4 10 11 (4224 2480 368 ) (4318.009766 2480 368 ) (4254 2432 368 ) (4224 2432 368 ) 
4 11 15 (4224 2480 -688 ) (4224 2432 -688 ) (4224 2432 368 ) (4224 2480 368 ) 
4 12 52 (4496 2048 -688 ) (4496 2048 384 ) (4336 2048 384 ) (4336 2048 -688 ) 
4 12 13 (4336 2368 -688 ) (4336 2304 -688 ) (4336 2304 384 ) (4336 2368 384 ) 
4 12 14 (4336 2304 -688 ) (4336 2048 -688 ) (4336 2048 384 ) (4336 2304 384 ) 
4 13 14 (4288 2304 -688 ) (4336 2304 -688 ) (4336 2304 384 ) (4288 2304 384 ) 
4 14 52 (4336 2048 384 ) (4224 2048 384 ) (4224 2048 -688 ) (4336 2048 -688 ) 
4 14 17 (4224 2304 -688 ) (4224 2048 -688 ) (4224 2048 384 ) (4224 2304 384 ) 
4 15 43 (4096 3072 320 ) (4096 3072 -688 ) (4096 2368 -688 ) (4096 2368 320 ) 
4 15 40 (4096 3072 344 ) (4096 3072 320 ) (4096 2368 320 ) (4096 2368 344 ) 
4 15 35 (4096 2368 384 ) (4096 2624 384 ) (4096 2624 344 ) (4096 2368 344 ) 
4 15 34 (4096 2624 384 ) (4096 3072 384 ) (4096 3072 344 ) (4096 2624 344 ) 
4 15 16 (4096 2368 -688 ) (4224 2368 -688 ) (4224 2368 256 ) (4096 2368 368 ) 
4 16 43 (4096 2368 320 ) (4096 2368 -688 ) (4096 2304 -688 ) (4096 2304 320 ) 
4 16 40 (4096 2368 344 ) (4096 2368 320 ) (4096 2304 320 ) (4096 2304 344 ) 
4 16 37 (4096 2368 368 ) (4096 2368 344 ) (4096 2304 344 ) (4096 2304 368 ) 
4 16 17 (4096 2304 -688 ) (4224 2304 -688 ) (4224 2304 256 ) (4096 2304 368 ) 
4 17 52 (4224 2048 384 ) (4096 2048 384 ) (4096 2048 -688 ) (4224 2048 -688 ) 
4 17 43 (4096 2048 -688 ) (4096 2048 320 ) (4096 2304 320 ) (4096 2304 -688 ) 
4 17 40 (4096 2048 320 ) (4096 2048 344 ) (4096 2304 344 ) (4096 2304 320 ) 
4 17 38 (4096 2048 344 ) (4096 2048 384 ) (4096 2304 384 ) (4096 2304 344 ) 
4 18 25 (4096 3120 -688 ) (4096 3120 576 ) (3840 3120 576 ) (3840 3120 -688 ) 
4 18 23 (4096 3120 576 ) (4096 3120 586 ) (3860 3120 586 ) (3872 3120 576 ) 
4 18 22 (4096 3120 586 ) (4096 3120 924 ) (3840 3120 924 ) (3840 3120 586 ) 
4 18 21 (3840 3120 800 ) (3840 3120 924 ) (3840 3152 924 ) (3840 3152 800 ) 
4 18 20 (3840 3296 334 ) (3840 3296 144 ) (3840 3152 144 ) (3840 3152 334 ) 
4 18 19 (3840 3152 924 ) (3840 3296 924 ) (3840 3296 800 ) (3840 3152 800 ) 
4 19 21 (3840 3152 800 ) (3840 3152 924 ) (3808 3152 924 ) (3808 3152 800 ) 
4 21 22 (3808 3120 800 ) (3840 3120 800 ) (3840 3120 924 ) (3808 3120 924 ) 
4 22 44 (3840 3072 924 ) (3808 3072 924 ) (3808 3072 586 ) (3840 3072 586 ) 
4 22 32 (4096 3072 586 ) (4096 3072 656 ) (3840 3072 656 ) (3840 3072 586 ) 
4 22 27 (4096 3072 656 ) (4096 3072 688 ) (3968 3072 688 ) (3968 3072 656 ) 
4 22 28 (3968 3072 688 ) (3840 3072 688 ) (3840 3072 656 ) (3968 3072 656 ) 
4 22 26 (4096 3072 688 ) (4096 3072 924 ) (3840 3072 924 ) (3840 3072 688 ) 
4 22 24 (3808 3072 586 ) (3808 3120 586 ) (3820 3120 586 ) (3820 3072 586 ) 
4 22 23 (3860 3120 586 ) (4096 3120 586 ) (4096 3072 586 ) (3860 3072 586 ) 
4 23 33 (4096 3072 576 ) (4096 3072 586 ) (3860 3072 586 ) (3872 3072 576 ) 
4 23 25 (4096 3072 576 ) (3872 3072 576 ) (3872 3120 576 ) (4096 3120 576 ) 
3 24 45 (3820 3072 586 ) (3808 3072 586 ) (3808 3072 576 ) 
4 25 43 (4096 3072 -688 ) (4096 3072 320 ) (3840 3072 320 ) (3840 3072 -688 ) 
4 25 41 (3968 3072 344 ) (3840 3072 344 ) (3840 3072 320 ) (3968 3072 320 ) 
4 25 40 (4096 3072 320 ) (4096 3072 344 ) (3968 3072 344 ) (3968 3072 320 ) 
4 25 34 (4096 3072 344 ) (4096 3072 576 ) (3840 3072 576 ) (3840 3072 344 ) 
4 26 65 (4096 2048 688 ) (4096 2048 924 ) (3840 2048 924 ) (3840 2048 688 ) 
4 26 44 (3840 2048 688 ) (3840 2048 924 ) (3840 3072 924 ) (3840 3072 688 ) 
4 26 30 (4032 2048 688 ) (3968 2048 688 ) (3968 2368 688 ) (4032 2368 688 ) 
4 26 29 (4096 2048 688 ) (4032 2048 688 ) (4032 2384 688 ) (4096 2384 688 ) 
4 26 31 (3968 2048 688 ) (3840 2048 688 ) (3840 2384 688 ) (3968 2384 688 ) 
4 26 27 (3968 3072 688 ) (4096 3072 688 ) (4096 2432 688 ) (3968 2432 688 ) 
4 26 28 (3840 2384 688 ) (3840 3072 688 ) (3968 3072 688 ) (3968 2384 688 ) 
4 27 35 (4096 2624 656 ) (4096 2432 656 ) (4092 2432 656 ) (4092 2624 656 ) 
4 27 39 (4092 2432 656 ) (3968 2432 656 ) (3968 2624 656 ) (4092 2624 656 ) 
4 27 32 (3968 3072 656 ) (4096 3072 656 ) (4096 2624 656 ) (3968 2624 656 ) 
4 27 28 (3968 3072 656 ) (3968 2432 656 ) (3968 2432 688 ) (3968 3072 688 ) 
4 28 44 (3840 2384 688 ) (3840 3072 688 ) (3840 3072 656 ) (3840 2384 656 ) 
4 28 39 (3840 2384 656 ) (3840 2624 656 ) (3968 2624 656 ) (3968 2384 656 ) 
4 28 32 (3840 2624 656 ) (3840 3072 656 ) (3968 3072 656 ) (3968 2624 656 ) 
4 28 31 (3840 2384 656 ) (3968 2384 656 ) (3968 2384 688 ) (3840 2384 688 ) 
4 29 65 (4096 2048 656 ) (4096 2048 688 ) (4032 2048 688 ) (4032 2048 656 ) 
4 29 36 (4096 2368 656 ) (4096 2304 656 ) (4092 2304 656 ) (4092 2368 656 ) 
4 29 35 (4092 2384 656 ) (4096 2384 656 ) (4096 2368 656 ) (4092 2368 656 ) 
4 29 38 (4096 2304 656 ) (4096 2048 656 ) (4092 2048 656 ) (4092 2304 656 ) 
4 29 39 (4032 2384 656 ) (4092 2384 656 ) (4092 2048 656 ) (4032 2048 656 ) 
4 29 30 (4032 2368 656 ) (4032 2048 656 ) (4032 2048 688 ) (4032 2368 688 ) 
4 30 65 (4032 2048 688 ) (3968 2048 688 ) (3968 2048 656 ) (4032 2048 656 ) 
4 30 39 (4032 2368 656 ) (4032 2048 656 ) (3968 2048 656 ) (3968 2368 656 ) 
4 30 31 (3968 2368 656 ) (3968 2048 656 ) (3968 2048 688 ) (3968 2368 688 ) 
4 31 65 (3968 2048 688 ) (3840 2048 688 ) (3840 2048 656 ) (3968 2048 656 ) 
4 31 44 (3840 2048 656 ) (3840 2048 688 ) (3840 2384 688 ) (3840 2384 656 ) 
4 31 39 (3840 2048 656 ) (3840 2384 656 ) (3968 2384 656 ) (3968 2048 656 ) 
4 32 44 (3840 2624 656 ) (3840 3072 656 ) (3840 3072 586 ) (3840 2624 586 ) 
4 32 35 (4096 2624 586 ) (4096 2624 656 ) (4092 2624 656 ) (4092 2624 586 ) 
4 32 39 (4092 2624 656 ) (3840 2624 656 ) (3840 2624 586 ) (4092 2624 586 ) 
4 32 33 (4096 2624 586 ) (3860 2624 586 ) (3860 3072 586 ) (4096 3072 586 ) 
4 33 35 (4096 2624 576 ) (4096 2624 586 ) (4092 2624 586 ) (4092 2624 576 ) 
4 33 39 (4092 2624 586 ) (3860 2624 586 ) (3872 2624 576 ) (4092 2624 576 ) 
4 33 34 (4096 2624 576 ) (3872 2624 576 ) (3872 3072 576 ) (4096 3072 576 ) 
4 34 41 (3840 2624 344 ) (3840 3072 344 ) (3968 3072 344 ) (3968 2624 344 ) 
4 34 40 (3968 3072 344 ) (4096 3072 344 ) (4096 2624 344 ) (3968 2624 344 ) 
4 34 35 (4092 2624 344 ) (4096 2624 344 ) (4096 2624 576 ) (4092 2624 576 ) 
4 34 39 (3840 2624 344 ) (4092 2624 344 ) (4092 2624 576 ) (3840 2624 576 ) 
4 35 40 (4092 2368 344 ) (4092 2624 344 ) (4096 2624 344 ) (4096 2368 344 ) 
4 35 36 (4092 2368 656 ) (4092 2368 384 ) (4096 2368 384 ) (4096 2368 656 ) 
4 35 37 (4092 2368 368 ) (4092 2368 344 ) (4096 2368 344 ) (4096 2368 368 ) 
4 35 39 (4092 2624 656 ) (4092 2624 344 ) (4092 2368 344 ) (4092 2368 656 ) 
4 36 38 (4092 2304 656 ) (4092 2304 384 ) (4096 2304 384 ) (4096 2304 656 ) 
4 36 39 (4092 2304 384 ) (4092 2304 656 ) (4092 2368 656 ) (4092 2368 384 ) 
4 37 40 (4092 2304 344 ) (4092 2368 344 ) (4096 2368 344 ) (4096 2304 344 ) 
4 37 39 (4092 2368 344 ) (4092 2304 344 ) (4092 2304 368 ) (4092 2368 368 ) 
4 37 38 (4092 2304 368 ) (4092 2304 344 ) (4096 2304 344 ) (4096 2304 368 ) 
4 38 82 (4096 2048 344 ) (4096 2048 576 ) (4092 2048 576 ) (4092 2048 344 ) 
4 38 65 (4096 2048 576 ) (4096 2048 656 ) (4092 2048 656 ) (4092 2048 576 ) 
4 38 40 (4096 2048 344 ) (4092 2048 344 ) (4092 2304 344 ) (4096 2304 344 ) 
4 38 39 (4092 2304 344 ) (4092 2048 344 ) (4092 2048 656 ) (4092 2304 656 ) 
4 39 82 (3840 2048 576 ) (3840 2048 344 ) (4092 2048 344 ) (4092 2048 576 ) 
4 39 65 (4092 2048 656 ) (3840 2048 656 ) (3840 2048 576 ) (4092 2048 576 ) 
4 39 46 (3840 2048 576 ) (3840 2048 586 ) (3840 2624 586 ) (3840 2624 576 ) 
4 39 44 (3840 2048 586 ) (3840 2048 656 ) (3840 2624 656 ) (3840 2624 586 ) 
3 39 42 (3968 2048 344 ) (3928 2048 344 ) (3968 2128 344 ) 
4 39 41 (3840 2368 344 ) (3840 2624 344 ) (3968 2624 344 ) (3968 2368 344 ) 
4 39 40 (4092 2048 344 ) (3968 2048 344 ) (3968 2624 344 ) (4092 2624 344 ) 
4 40 83 (4096 2048 320 ) (4096 2048 344 ) (3968 2048 344 ) (3968 2048 320 ) 
4 40 43 (3968 3072 320 ) (4096 3072 320 ) (4096 2048 320 ) (3968 2048 320 ) 
4 40 42 (3968 2128 320 ) (3968 2048 320 ) (3968 2048 344 ) (3968 2128 344 ) 
4 40 41 (3968 3072 320 ) (3968 2368 320 ) (3968 2368 344 ) (3968 3072 344 ) 
4 41 43 (3840 2368 320 ) (3840 3072 320 ) (3968 3072 320 ) (3968 2368 320 ) 
4 42 83 (3968 2048 344 ) (3928 2048 344 ) (3928 2048 320 ) (3968 2048 320 ) 
3 42 43 (3968 2128 320 ) (3968 2048 320 ) (3928 2048 320 ) 
4 43 84 (4096 2048 -688 ) (4096 2048 320 ) (3840 2048 320 ) (3840 2048 -688 ) 
4 44 65 (3840 2048 586 ) (3840 2048 924 ) (3808 2048 924 ) (3808 2048 586 ) 
4 44 49 (3808 2368 687.997925 ) (3808 2368 924 ) (3808 2432 924 ) (3808 2432 687.997925 ) 
4 44 48 (3808 2432 586 ) (3808 2368 586 ) (3808 2368 656 ) (3808 2432 656 ) 
4 44 47 (3808 2624 586 ) (3808 2432 586 ) (3808 2432 924 ) (3808 2624 924 ) 
4 44 50 (3808 2368 586 ) (3808 2048 586 ) (3808 2048 924 ) (3808 2368 924 ) 
4 44 45 (3808 2624 586 ) (3808 3072 586 ) (3820 3072 586 ) (3820 2624 586 ) 
4 44 46 (3808 2048 586 ) (3808 2624 586 ) (3840 2624 586 ) (3840 2048 586 ) 
3 45 46 (3808 2624 576 ) (3820 2624 586 ) (3808 2624 586 ) 
4 46 65 (3840 2048 576 ) (3840 2048 586 ) (3808 2048 586 ) (3808 2048 576 ) 
4 46 48 (3808 2432 576 ) (3808 2368 576 ) (3808 2368 586 ) (3808 2432 586 ) 
4 46 47 (3808 2624 576 ) (3808 2432 576 ) (3808 2432 586 ) (3808 2624 586 ) 
4 46 50 (3808 2368 576 ) (3808 2048 576 ) (3808 2048 586 ) (3808 2368 586 ) 
4 47 49 (3668 2432 924 ) (3668 2432 625.775757 ) (3808 2432 687.997925 ) (3808 2432 924 ) 
4 47 48 (3668 2432 593.776794 ) (3668 2432 576 ) (3808 2432 576 ) (3808 2432 656 ) 
4 48 50 (3668 2368 593.776794 ) (3668 2368 576 ) (3808 2368 576 ) (3808 2368 656 ) 
4 49 50 (3668 2368 924 ) (3668 2368 625.775757 ) (3808 2368 687.997925 ) (3808 2368 924 ) 
4 50 65 (3808 2048 576 ) (3808 2048 924 ) (3668 2048 924 ) (3668 2048 576 ) 
4 51 100 (3692 2048 544 ) (3584 2048 544 ) (3584 2048 -688 ) (3692 2048 -688 ) 
4 51 96 (3808 2048 -688 ) (3808 2048 544 ) (3692 2048 544 ) (3692 2048 -688 ) 
4 52 83 (4096 2048 344 ) (4096 2048 320 ) (4096 1968 320 ) (4096 1968 344 ) 
4 52 82 (4096 2048 576 ) (4096 2048 344 ) (4096 1968 344 ) (4096 1968 576 ) 
4 52 84 (4096 2048 320 ) (4096 2048 -688 ) (4096 1968 -688 ) (4096 1968 320 ) 
4 52 65 (4096 2048 924 ) (4096 2048 576 ) (4096 1968 576 ) (4096 1968 924 ) 
4 52 54 (4128 1968 -688 ) (4496 1968 -688 ) (4496 1968 -438 ) (4128 1968 160 ) 
4 52 53 (4096 1968 924 ) (4096 1968 212 ) (4496 1968 -438 ) (4496 1968 924 ) 
4 53 92 (4096 1024 212 ) (4096 1024 576 ) (4096 1968 576 ) (4096 1968 212 ) 
4 53 76 (4096 1024 576 ) (4096 1024 924 ) (4096 1378 924 ) (4096 1378 576 ) 
4 53 70 (4096 1378 924 ) (4096 1920 924 ) (4096 1920 576 ) (4096 1378 576 ) 
4 53 69 (4096 1936 617 ) (4096 1936 576 ) (4096 1920 576 ) (4096 1920 617 ) 
4 53 68 (4096 1936 655 ) (4096 1936 617 ) (4096 1920 617 ) (4096 1920 655 ) 
4 53 67 (4096 1936 742 ) (4096 1936 655 ) (4096 1920 655 ) (4096 1920 742 ) 
4 53 66 (4096 1920 924 ) (4096 1936 924 ) (4096 1936 742 ) (4096 1920 742 ) 
4 53 65 (4096 1936 924 ) (4096 1968 924 ) (4096 1968 576 ) (4096 1936 576 ) 
4 53 63 (4128 1024 576 ) (4096 1024 576 ) (4096 1024 212 ) (4128 1024 160 ) 
4 53 62 (4496 1024 -438 ) (4496 1024 576 ) (4128 1024 576 ) (4128 1024 160 ) 
4 53 58 (4125 1024 800 ) (4096 1024 800 ) (4096 1024 576 ) (4125 1024 576 ) 
4 53 57 (4127 1024 800 ) (4125 1024 800 ) (4125 1024 576 ) (4127 1024 576 ) 
4 53 56 (4496 1024 576 ) (4496 1024 800 ) (4127 1024 800 ) (4127 1024 576 ) 
4 53 55 (4496 1024 800 ) (4496 1024 924 ) (4096 1024 924 ) (4096 1024 800 ) 
4 53 54 (4128 1968 160 ) (4496 1968 -438 ) (4496 1024 -438 ) (4128 1024 160 ) 
4 54 62 (4496 1024 -688 ) (4496 1024 -438 ) (4128 1024 160 ) (4128 1024 -688 ) 
4 55 137 (4096 560 800 ) (4096 512 800 ) (4096 512 924 ) (4096 560 924 ) 
4 55 127 (4096 816 800 ) (4096 808 800 ) (4096 808 924 ) (4096 816 924 ) 
4 55 126 (4096 1024 924 ) (4096 1024 800 ) (4096 816 800 ) (4096 816 924 ) 
4 55 128 (4096 808 800 ) (4096 560 800 ) (4096 560 924 ) (4096 808 924 ) 
4 55 60 (4117 808 800 ) (4125 808 800 ) (4125 560 800 ) (4117 560 800 ) 
4 55 61 (4096 560 800 ) (4096 808 800 ) (4117 808 800 ) (4117 560 800 ) 
4 55 59 (4096 808 800 ) (4096 816 800 ) (4125 816 800 ) (4125 808 800 ) 
4 55 58 (4096 816 800 ) (4096 1024 800 ) (4125 1024 800 ) (4125 816 800 ) 
4 55 57 (4125 1024 800 ) (4127 1024 800 ) (4127 560 800 ) (4125 560 800 ) 
4 55 56 (4127 1024 800 ) (4496 1024 800 ) (4496 512 800 ) (4127 512 800 ) 
4 56 64 (4496 816 576 ) (4496 512 576 ) (4127 512 576 ) (4127 816 576 ) 
4 56 63 (4127 1024 576 ) (4128 1024 576 ) (4128 816 576 ) (4127 816 576 ) 
4 56 62 (4128 1024 576 ) (4496 1024 576 ) (4496 816 576 ) (4128 816 576 ) 
4 56 57 (4127 1024 576 ) (4127 560 576 ) (4127 560 800 ) (4127 1024 800 ) 
4 57 64 (4127 816 576 ) (4127 560 576 ) (4125 560 576 ) (4125 816 576 ) 
4 57 63 (4125 1024 576 ) (4127 1024 576 ) (4127 816 576 ) (4125 816 576 ) 
4 57 60 (4125 560 590 ) (4125 560 800 ) (4125 808 800 ) (4125 808 590 ) 
4 57 59 (4125 808 590 ) (4125 808 800 ) (4125 816 800 ) (4125 816 590 ) 
4 57 58 (4125 1024 576 ) (4125 816 576 ) (4125 816 800 ) (4125 1024 800 ) 
4 58 126 (4096 816 800 ) (4096 1024 800 ) (4096 1024 576 ) (4096 816 576 ) 
4 58 63 (4096 816 576 ) (4096 1024 576 ) (4125 1024 576 ) (4125 816 576 ) 
4 58 59 (4125 816 590 ) (4125 816 800 ) (4096 816 800 ) (4096 816 590 ) 
4 59 127 (4096 808 800 ) (4096 816 800 ) (4096 816 590 ) (4096 808 590 ) 
4 59 60 (4125 808 590 ) (4125 808 800 ) (4117 808 800 ) (4117 808 590 ) 
4 59 61 (4117 808 800 ) (4096 808 800 ) (4096 808 590 ) (4117 808 590 ) 
4 60 61 (4117 808 800 ) (4117 808 590 ) (4117 560 590 ) (4117 560 800 ) 
4 61 128 (4096 560 800 ) (4096 808 800 ) (4096 808 576 ) (4096 560 576 ) 
4 62 64 (4496 816 -688 ) (4496 816 576 ) (4128 816 576 ) (4128 816 -688 ) 
4 62 63 (4128 816 160 ) (4128 816 576 ) (4128 1024 576 ) (4128 1024 160 ) 
4 63 141 (4096 816 212 ) (4096 816 576 ) (4096 1024 576 ) (4096 1024 212 ) 
4 63 64 (4128 816 576 ) (4125 816 576 ) (4125 816 164.874832 ) (4128 816 160 ) 
4 65 92 (4096 1968 576 ) (4096 1936 576 ) (3872 1936 576 ) (3872 1968 576 ) 
4 65 82 (3840 2048 576 ) (4096 2048 576 ) (4096 1968 576 ) (3840 1968 576 ) 
4 65 69 (3864 1936 576 ) (4096 1936 576 ) (4096 1936 617 ) (3864 1936 617 ) 
4 65 68 (3686 1936 617 ) (4096 1936 617 ) (4096 1936 655 ) (3686 1936 655 ) 
4 65 67 (3864 1936 655 ) (4096 1936 655 ) (4096 1936 742 ) (3864 1936 742 ) 
4 65 66 (3668 1936 924 ) (3668 1936 742 ) (4096 1936 742 ) (4096 1936 924 ) 
4 66 74 (3848 1920 924 ) (3668 1920 924 ) (3668 1920 742 ) (3848 1920 742 ) 
4 66 71 (3864 1920 924 ) (3848 1920 924 ) (3848 1920 742 ) (3864 1920 742 ) 
4 66 70 (4096 1920 742 ) (4096 1920 924 ) (3864 1920 924 ) (3864 1920 742 ) 
4 66 67 (4096 1920 742 ) (3864 1920 742 ) (3864 1936 742 ) (4096 1936 742 ) 
4 67 70 (4096 1920 655 ) (4096 1920 742 ) (3864 1920 742 ) (3864 1920 655 ) 
4 67 68 (4096 1920 655 ) (3864 1920 655 ) (3864 1936 655 ) (4096 1936 655 ) 
4 68 75 (3848 1920 655 ) (3687.780273 1920 655 ) (3687.780273 1920 617 ) (3848 1920 617 ) 
4 68 72 (3864 1920 655 ) (3848 1920 655 ) (3848 1920 617 ) (3864 1920 617 ) 
4 68 70 (4096 1920 617 ) (4096 1920 655 ) (3864 1920 655 ) (3864 1920 617 ) 
4 68 69 (4096 1920 617 ) (3864 1920 617 ) (3864 1936 617 ) (4096 1936 617 ) 
4 69 92 (4096 1936 576 ) (4096 1920 576 ) (3872 1920 576 ) (3872 1936 576 ) 
4 69 70 (3864 1920 576 ) (4096 1920 576 ) (4096 1920 617 ) (3864 1920 617 ) 
4 70 92 (3872 1920 576 ) (4096 1920 576 ) (4096 1378 576 ) (3872 1378 576 ) 
4 70 77 (3872 1378 590 ) (3872 1378 924 ) (3864 1378 924 ) (3864 1378 590 ) 
4 70 76 (3872 1378 576 ) (4096 1378 576 ) (4096 1378 924 ) (3872 1378 924 ) 
4 70 73 (3864 1378 742 ) (3864 1378 924 ) (3864 1396 924 ) (3864 1396 742 ) 
4 70 72 (3864 1920 655 ) (3864 1920 617 ) (3864 1396 617 ) (3864 1396 655 ) 
4 70 71 (3864 1920 924 ) (3864 1920 742 ) (3864 1396 742 ) (3864 1396 924 ) 
4 71 74 (3848 1396 924 ) (3848 1920 924 ) (3848 1920 742 ) (3848 1396 742 ) 
4 71 73 (3848 1396 924 ) (3848 1396 742 ) (3864 1396 742 ) (3864 1396 924 ) 
4 72 75 (3848 1920 655 ) (3848 1920 617 ) (3848 1396 617 ) (3848 1396 655 ) 
4 73 78 (3864 1378 742 ) (3864 1378 924 ) (3848 1378 924 ) (3848 1378 742 ) 
4 73 74 (3848 1378 742 ) (3848 1378 924 ) (3848 1396 924 ) (3848 1396 742 ) 
4 74 78 (3848 1378 742 ) (3848 1378 924 ) (3668 1378 924 ) (3668 1378 742 ) 
4 75 79 (3800 1378 576 ) (3848 1378 576 ) (3848 1378 592 ) (3692 1378 592 ) 
4 75 78 (3848 1378 592 ) (3848 1378 726 ) (3668 1378 726 ) (3668 1378 592 ) 
4 76 126 (4096 1024 576 ) (4096 1024 924 ) (3872 1024 924 ) (3872 1024 576 ) 
4 76 92 (4096 1024 576 ) (3872 1024 576 ) (3872 1378 576 ) (4096 1378 576 ) 
4 76 77 (3872 1024 924 ) (3872 1378 924 ) (3872 1378 590 ) (3872 1024 590 ) 
4 77 129 (3872 1024 924 ) (3864 1024 924 ) (3864 1024 590 ) (3872 1024 590 ) 
4 77 79 (3864 1378 592 ) (3864 1378 590 ) (3864 1024 590 ) (3864 1024 592 ) 
4 77 78 (3864 1024 924 ) (3864 1378 924 ) (3864 1378 592 ) (3864 1024 592 ) 
4 78 130 (3864 1024 924 ) (3328 1024 924 ) (3328 1024 592 ) (3864 1024 592 ) 
4 78 81 (3328 1024 924 ) (3328 1330 924 ) (3328 1330 592 ) (3328 1024 592 ) 
4 78 79 (3692 1378 592 ) (3864 1378 592 ) (3864 1024 592 ) (3692 1024 592 ) 
4 78 80 (3328 1024 592 ) (3328 1378 592 ) (3584 1378 592 ) (3584 1024 592 ) 
4 79 131 (3800 1024 576 ) (3864 1024 576 ) (3864 1024 592 ) (3692 1024 592 ) 
4 80 132 (3328 1024 592 ) (3328 1024 576 ) (3584 1024 576 ) (3584 1024 592 ) 
4 80 108 (3584 1024 576 ) (3382 1024 576 ) (3382 1330 576 ) (3584 1330 576 ) 
4 80 109 (3334 1024 576 ) (3328 1024 576 ) (3328 1330 576 ) (3334 1330 576 ) 
4 80 81 (3328 1330 576 ) (3328 1024 576 ) (3328 1024 592 ) (3328 1330 592 ) 
4 81 138 (3328 1024 924 ) (3072 1024 924 ) (3072 1024 576 ) (3328 1024 576 ) 
4 81 121 (3072 1330 576 ) (3072 1024 576 ) (3072 1024 908 ) (3072 1330 908 ) 
4 81 118 (3072 1232 576 ) (3072 1280 576 ) (3328 1280 576 ) (3328 1232 576 ) 
4 81 119 (3328 1024 576 ) (3072 1024 576 ) (3072 1232 576 ) (3328 1232 576 ) 
4 82 92 (4014.769043 1968 344 ) (4096 1968 344 ) (4096 1968 576 ) (3872 1968 576 ) 
3 82 85 (3840 1968 576 ) (3840 1968 344 ) (3982.769287 1968 344 ) 
4 82 83 (4096 1968 344 ) (3888 1968 344 ) (3928 2048 344 ) (4096 2048 344 ) 
4 83 92 (4029.538330 1968 320 ) (4096 1968 320 ) (4096 1968 344 ) (4014.769043 1968 344 ) 
4 83 86 (3888 1968 320 ) (3997.538574 1968 320 ) (3982.769287 1968 344 ) (3888 1968 344 ) 
4 83 84 (4096 1968 320 ) (3888 1968 320 ) (3928 2048 320 ) (4096 2048 320 ) 
3 84 92 (4096 1968 212 ) (4096 1968 320 ) (4029.538330 1968 320 ) 
4 84 87 (3840 1968 320 ) (3840 1968 -688 ) (3888 1968 -688 ) (3888 1968 320 ) 
5 84 86 (3888 1968 -688 ) (4096 1968 -688 ) (4096 1968 160 ) (3997.538574 1968 320 ) (3888 1968 320 ) 
3 85 140 (3982.769287 1024 344 ) (3840 1024 576 ) (3840 1024 344 ) 
4 85 93 (3840 1560 480 ) (3840 1560 344 ) (3840 1392 344 ) (3840 1392 480 ) 
3 85 90 (3936 1504 344 ) (3936 1456 344 ) (3888 1456 344 ) 
4 85 89 (3840 1560 344 ) (3840 1888 344 ) (3936 1888 344 ) (3936 1560 344 ) 
4 85 91 (3840 1024 344 ) (3840 1456 344 ) (3936 1456 344 ) (3936 1024 344 ) 
4 85 88 (3936 1888 344 ) (3982.771484 1888 344 ) (3982.771484 1024 344 ) (3936 1024 344 ) 
4 85 86 (3888 1968 344 ) (3982.771484 1968 344 ) (3982.771484 1888 344 ) (3888 1888 344 ) 
4 86 89 (3888 1888 -688 ) (3936 1888 -688 ) (3936 1888 344 ) (3888 1888 344 ) 
5 86 88 (3936 1888 -688 ) (4096 1888 -688 ) (4096 1888 160.007141 ) (3982.773438 1888 344 ) (3936 1888 344 ) 
4 86 87 (3888 1968 -688 ) (3888 1888 -688 ) (3888 1888 320 ) (3888 1968 320 ) 
4 87 89 (3840 1888 -688 ) (3888 1888 -688 ) (3888 1888 320 ) (3840 1888 320 ) 
5 88 140 (4096 1024 -688 ) (4096 1024 160 ) (3982.769287 1024 344 ) (3936 1024 344 ) (3936 1024 -688 ) 
4 88 90 (3936 1504 -688 ) (3936 1456 -688 ) (3936 1456 344 ) (3936 1504 344 ) 
4 88 89 (3936 1888 344 ) (3936 1888 -688 ) (3936 1560 -688 ) (3936 1560 344 ) 
4 88 91 (3936 1456 -688 ) (3936 1024 -688 ) (3936 1024 344 ) (3936 1456 344 ) 
4 90 91 (3888 1456 -688 ) (3936 1456 -688 ) (3936 1456 344 ) (3888 1456 344 ) 
4 91 140 (3936 1024 344 ) (3840 1024 344 ) (3840 1024 -688 ) (3936 1024 -688 ) 
4 91 95 (3840 1024 -688 ) (3840 1024 -112 ) (3840 1392 -112 ) (3840 1392 -688 ) 
4 91 94 (3840 1456 -112 ) (3840 1456 -688 ) (3840 1392 -688 ) (3840 1392 -112 ) 
3 92 141 (4096 1024 212 ) (4096 1024 576 ) (3872 1024 576 ) 
4 93 97 (3808 1560 480 ) (3808 1560 344 ) (3808 1392 344 ) (3808 1392 480 ) 
4 94 97 (3808 1560 -112 ) (3808 1560 -688 ) (3808 1392 -688 ) (3808 1392 -112 ) 
4 94 95 (3808 1392 -112 ) (3808 1392 -688 ) (3840 1392 -688 ) (3840 1392 -112 ) 
4 95 142 (3840 1024 -688 ) (3840 1024 -112 ) (3808 1024 -112 ) (3808 1024 -688 ) 
4 95 99 (3808 1052 -688 ) (3808 1024 -688 ) (3808 1024 -112 ) (3808 1052 -112 ) 
4 95 98 (3808 1330 -688 ) (3808 1100 -688 ) (3808 1100 -112 ) (3808 1330 -112 ) 
4 95 97 (3808 1392 -112 ) (3808 1392 -688 ) (3808 1378 -688 ) (3808 1378 -112 ) 
4 96 103 (3692 1632 320 ) (3692 1632 -688 ) (3692 1584 -688 ) (3692 1584 320 ) 
4 96 102 (3692 1632 544 ) (3692 1888 544 ) (3692 1888 -688 ) (3692 1632 -688 ) 
4 96 101 (3692 1936 320 ) (3692 1936 -688 ) (3692 1888 -688 ) (3692 1888 320 ) 
4 96 100 (3692 1936 544 ) (3692 2048 544 ) (3692 2048 -688 ) (3692 1936 -688 ) 
5 96 97 (3692 1584 -688 ) (3808 1584 -688 ) (3808 1584 511.998901 ) (3760 1584 544 ) (3692 1584 544 ) 
4 97 104 (3692 1378 544 ) (3692 1584 544 ) (3692 1584 -688 ) (3692 1378 -688 ) 
4 98 107 (3692 1330 272 ) (3692 1330 -688 ) (3692 1100 -688 ) (3692 1100 272 ) 
4 98 105 (3692 1100 544 ) (3692 1330 544 ) (3692 1330 272 ) (3692 1100 272 ) 
5 99 145 (3808 1024 -688 ) (3808 1024 511.998901 ) (3760 1024 544 ) (3692 1024 544 ) (3692 1024 -688 ) 
4 99 107 (3692 1024 -688 ) (3692 1024 272 ) (3692 1052 272 ) (3692 1052 -688 ) 
4 99 105 (3692 1024 272 ) (3692 1024 544 ) (3692 1052 544 ) (3692 1052 272 ) 
4 100 101 (3584 1936 160.004181 ) (3584 1936 -688 ) (3692 1936 -688 ) (3692 1936 320 ) 
4 101 102 (3584 1888 160.004028 ) (3584 1888 -688 ) (3692 1888 -688 ) (3692 1888 320 ) 
4 102 103 (3584 1632 160.004181 ) (3584 1632 -688 ) (3692 1632 -688 ) (3692 1632 320 ) 
4 103 104 (3584 1584 160.004028 ) (3584 1584 -688 ) (3692 1584 -688 ) (3692 1584 320 ) 
4 104 106 (3584 1378 128 ) (3584 1378 -688 ) (3692 1378 -688 ) (3692 1378 128 ) 
4 104 105 (3584 1378 544 ) (3584 1378 272 ) (3692 1378 272 ) (3692 1378 544 ) 
4 105 145 (3692 1024 272 ) (3692 1024 544 ) (3584 1024 544 ) (3584 1024 272 ) 
4 105 117 (3584 1122 272 ) (3584 1024 272 ) (3584 1024 384 ) (3584 1122 384 ) 
4 105 116 (3584 1232 272 ) (3584 1122 272 ) (3584 1122 320 ) (3584 1232 320 ) 
4 105 115 (3584 1122 320 ) (3584 1122 384 ) (3584 1232 384 ) (3584 1232 320 ) 
4 105 114 (3584 1330 272 ) (3584 1232 272 ) (3584 1232 384 ) (3584 1330 384 ) 
4 105 110 (3584 1024 384 ) (3584 1024 528 ) (3584 1330 528 ) (3584 1330 384 ) 
4 105 108 (3584 1024 528 ) (3584 1024 544 ) (3584 1330 544 ) (3584 1330 528 ) 
4 105 107 (3584 1024 272 ) (3584 1330 272 ) (3692 1330 272 ) (3692 1024 272 ) 
4 106 107 (3584 1330 -688 ) (3692 1330 -688 ) (3692 1330 128 ) (3584 1330 128 ) 
4 107 145 (3692 1024 -688 ) (3692 1024 272 ) (3584 1024 272 ) (3584 1024 -688 ) 
4 107 117 (3584 1122 -688 ) (3584 1024 -688 ) (3584 1024 272 ) (3584 1122 272 ) 
4 107 116 (3584 1232 -688 ) (3584 1122 -688 ) (3584 1122 272 ) (3584 1232 272 ) 
4 107 114 (3584 1330 -688 ) (3584 1232 -688 ) (3584 1232 272 ) (3584 1330 272 ) 
4 108 145 (3584 1024 528 ) (3584 1024 544 ) (3382 1024 544 ) (3382 1024 528 ) 
4 108 143 (3584 1024 544 ) (3584 1024 576 ) (3382 1024 576 ) (3382 1024 544 ) 
4 108 110 (3382 1330 528 ) (3584 1330 528 ) (3584 1024 528 ) (3382 1024 528 ) 
4 109 147 (3328 1024 544 ) (3328 1024 528 ) (3334 1024 528 ) (3334 1024 544 ) 
4 109 144 (3334 1024 576 ) (3328 1024 576 ) (3328 1024 544 ) (3334 1024 544 ) 
4 109 118 (3328 1232 576 ) (3328 1280 576 ) (3328 1280 528 ) (3328 1232 528 ) 
4 109 119 (3328 1024 528 ) (3328 1024 576 ) (3328 1232 576 ) (3328 1232 528 ) 
4 109 113 (3328 1024 528 ) (3328 1330 528 ) (3334 1330 528 ) (3334 1024 528 ) 
4 110 146 (3382 1024 528 ) (3366 1024 528 ) (3366 1024 384 ) (3382 1024 384 ) 
4 110 145 (3584 1024 384 ) (3584 1024 528 ) (3382 1024 528 ) (3382 1024 384 ) 
4 110 117 (3584 1122 384 ) (3584 1024 384 ) (3392 1024 384 ) (3448.370117 1122 384 ) 
4 110 115 (3584 1232 384 ) (3584 1122 384 ) (3366 1122 384 ) (3366 1232 384 ) 
4 110 114 (3568 1330 384 ) (3584 1330 384 ) (3584 1232 384 ) (3512 1232 384 ) 
4 110 111 (3366 1330 384 ) (3366 1106 384 ) (3366 1106 528 ) (3366 1330 528 ) 
4 110 112 (3366 1040 384 ) (3366 1024 384 ) (3366 1024 528 ) (3366 1040 528 ) 
4 111 115 (3366 1232 384 ) (3366 1122 384 ) (3350 1122 384 ) (3350 1232 384 ) 
4 111 113 (3350 1330 384 ) (3350 1106 384 ) (3350 1106 528 ) (3350 1330 528 ) 
4 112 146 (3366 1024 528 ) (3350 1024 528 ) (3350 1024 384 ) (3366 1024 384 ) 
4 112 113 (3350 1040 384 ) (3350 1024 384 ) (3350 1024 528 ) (3350 1040 528 ) 
4 113 146 (3350 1024 528 ) (3334 1024 528 ) (3334 1024 384 ) (3350 1024 384 ) 
4 113 147 (3334 1024 528 ) (3328 1024 528 ) (3328 1024 384 ) (3334 1024 384 ) 
4 113 118 (3328 1232 528 ) (3328 1280 528 ) (3328 1280 384 ) (3328 1232 384 ) 
4 113 119 (3328 1024 384 ) (3328 1024 528 ) (3328 1232 528 ) (3328 1232 384 ) 
4 113 115 (3328 1122 384 ) (3328 1232 384 ) (3350 1232 384 ) (3350 1122 384 ) 
4 114 116 (3512 1232 -688 ) (3584 1232 -688 ) (3584 1232 320 ) (3512 1232 320 ) 
4 114 115 (3584 1232 320 ) (3584 1232 384 ) (3512 1232 384 ) (3512 1232 320 ) 
4 115 119 (3328 1122 384 ) (3328 1232 384 ) (3328 1232 320 ) (3328 1122 320 ) 
4 115 117 (3584 1122 320 ) (3584 1122 384 ) (3448.370361 1122 384 ) (3448.370361 1122 320 ) 
4 115 116 (3584 1122 320 ) (3448.369873 1122 320 ) (3511.629639 1232 320 ) (3584 1232 320 ) 
4 116 117 (3448.369873 1122 -688 ) (3584 1122 -688 ) (3584 1122 320 ) (3448.369873 1122 320 ) 
4 117 145 (3584 1024 -688 ) (3584 1024 384 ) (3392 1024 384 ) (3392 1024 -688 ) 
4 118 122 (3072 1280 526 ) (3072 1280 384 ) (3072 1232 384 ) (3072 1232 526 ) 
4 118 121 (3072 1232 576 ) (3072 1280 576 ) (3072 1280 526 ) (3072 1232 526 ) 
4 118 119 (3328 1232 384 ) (3328 1232 576 ) (3072 1232 576 ) (3072 1232 384 ) 
4 119 147 (3328 1024 -688 ) (3328 1024 544 ) (3072 1024 544 ) (3072 1024 -688 ) 
4 119 144 (3328 1024 544 ) (3328 1024 576 ) (3072 1024 576 ) (3072 1024 544 ) 
4 119 123 (3072 1024 -688 ) (3072 1024 526 ) (3072 1232 526 ) (3072 1232 -688 ) 
4 119 121 (3072 1024 526 ) (3072 1024 576 ) (3072 1232 576 ) (3072 1232 526 ) 
4 120 121 (3072 1330 908 ) (2672 1330 908 ) (2672 1330 816 ) (3072 1330 800 ) 
4 121 157 (3072 1024 526 ) (3072 1024 908 ) (2672 1024 908 ) (2672 1024 656 ) 
4 121 124 (2672 1280 656 ) (2672 1024 656 ) (2672 1024 908 ) (2672 1280 908 ) 
4 121 123 (2672 1024 656 ) (2672 1232 656 ) (3072 1232 526 ) (3072 1024 526 ) 
4 121 122 (2672 1232 656 ) (2672 1280 656 ) (3072 1280 526 ) (3072 1232 526 ) 
4 122 124 (2672 1232 384 ) (2672 1232 656 ) (2672 1280 656 ) (2672 1280 384 ) 
4 122 123 (3072 1232 526 ) (2672 1232 656 ) (2672 1232 384 ) (3072 1232 384 ) 
4 123 157 (3072 1024 -688 ) (3072 1024 526 ) (2672 1024 656 ) (2672 1024 -688 ) 
4 123 124 (2672 1024 384 ) (2672 1024 656 ) (2672 1232 656 ) (2672 1232 384 ) 
4 124 169 (2672 1024 384 ) (2672 1024 908 ) (2496 1024 908 ) (2496 1024 384 ) 
4 124 125 (2496 1208 384 ) (2496 1024 384 ) (2496 1024 520 ) (2496 1208 520 ) 
4 125 170 (2496 1024 384 ) (2496 1024 520 ) (2480 1024 520 ) (2480 1024 384 ) 
4 126 141 (3872 1024 576 ) (4096 1024 576 ) (4096 816 576 ) (3872 816 576 ) 
4 126 129 (3872 816 590 ) (3872 816 924 ) (3872 1024 924 ) (3872 1024 590 ) 
4 126 127 (3872 816 924 ) (3872 816 590 ) (4096 816 590 ) (4096 816 924 ) 
4 127 133 (3872 808 590 ) (3872 808 924 ) (3872 816 924 ) (3872 816 590 ) 
4 127 128 (3872 808 924 ) (3872 808 590 ) (4096 808 590 ) (4096 808 924 ) 
4 128 137 (4096 560 924 ) (3872 560 924 ) (3872 560 800 ) (4096 560 800 ) 
4 128 134 (3872 808 576 ) (3872 560 576 ) (3872 560 924 ) (3872 808 924 ) 
4 129 133 (3872 816 590 ) (3872 816 924 ) (3864 816 924 ) (3864 816 590 ) 
4 129 131 (3864 816 590 ) (3864 816 592 ) (3864 1024 592 ) (3864 1024 590 ) 
4 129 130 (3864 816 592 ) (3864 816 924 ) (3864 1024 924 ) (3864 1024 592 ) 
4 130 138 (3328 1024 924 ) (3328 1024 592 ) (3328 816 592 ) (3328 816 924 ) 
4 130 136 (3616 816 924 ) (3328 816 924 ) (3328 816 592 ) (3616 816 592 ) 
4 130 135 (3864 816 924 ) (3616 816 924 ) (3616 816 592 ) (3864 816 592 ) 
4 130 131 (3864 1024 592 ) (3864 816 592 ) (3692 816 592 ) (3692 1024 592 ) 
4 130 132 (3584 816 592 ) (3328 816 592 ) (3328 1024 592 ) (3584 1024 592 ) 
4 131 135 (3800 816 576 ) (3864 816 576 ) (3864 816 592 ) (3692 816 592 ) 
4 132 143 (3382 1024 576 ) (3584 1024 576 ) (3584 816 576 ) (3382 816 576 ) 
4 132 144 (3328 1024 576 ) (3334 1024 576 ) (3334 816 576 ) (3328 816 576 ) 
4 132 138 (3328 1024 592 ) (3328 1024 576 ) (3328 816 576 ) (3328 816 592 ) 
4 133 135 (3864 816 924 ) (3864 816 590 ) (3864 808 590 ) (3864 808 924 ) 
4 133 134 (3864 808 924 ) (3864 808 590 ) (3872 808 590 ) (3872 808 924 ) 
4 134 137 (3872 560 924 ) (3864 560 924 ) (3864 560 800 ) (3872 560 800 ) 
4 134 135 (3864 808 576 ) (3864 560 576 ) (3864 560 924 ) (3864 808 924 ) 
4 135 137 (3864 560 924 ) (3616 560 924 ) (3616 560 800 ) (3864 560 800 ) 
4 135 136 (3616 816 924 ) (3616 816 592 ) (3616 560 592 ) (3616 560 924 ) 
4 136 138 (3328 560 592 ) (3328 560 924 ) (3328 816 924 ) (3328 816 592 ) 
4 136 137 (3616 560 924 ) (3328 560 924 ) (3328 560 800 ) (3616 560 800 ) 
4 137 139 (3328 512 800 ) (3328 512 924 ) (3328 560 924 ) (3328 560 800 ) 
4 138 157 (3072 1024 908 ) (3072 1024 576 ) (3072 992 576 ) (3072 992 908 ) 
4 138 156 (3072 624 576 ) (3072 672 576 ) (3328 672 576 ) (3328 624 576 ) 
4 138 154 (3280 816 576 ) (3328 816 576 ) (3328 672 576 ) (3280 672 576 ) 
4 138 155 (3072 672 576 ) (3072 816 576 ) (3280 816 576 ) (3280 672 576 ) 
4 138 144 (3072 816 576 ) (3072 1024 576 ) (3328 1024 576 ) (3328 816 576 ) 
4 138 139 (3328 560 800 ) (3328 560 924 ) (3072 560 924 ) (3072 560 800 ) 
4 140 142 (3840 1024 -688 ) (3840 816 -688 ) (3840 816 -112 ) (3840 1024 -112 ) 
4 142 145 (3808 1024 -688 ) (3808 816 -688 ) (3808 816 -112 ) (3808 1024 -112 ) 
4 143 145 (3584 816 544 ) (3382 816 544 ) (3382 1024 544 ) (3584 1024 544 ) 
4 144 157 (3072 1024 576 ) (3072 1024 544 ) (3072 992 544 ) (3072 992 576 ) 
4 144 154 (3328 816 576 ) (3280 816 576 ) (3280 816 544 ) (3328 816 544 ) 
4 144 155 (3280 816 576 ) (3072 816 576 ) (3072 816 544 ) (3280 816 544 ) 
4 144 147 (3334 816 544 ) (3072 816 544 ) (3072 1024 544 ) (3334 1024 544 ) 
4 145 150 (3408 816 514 ) (3382 816 514 ) (3382 816 384 ) (3408 816 384 ) 
4 145 149 (3440 816 480 ) (3440 816 384 ) (3504 816 384 ) (3504 816 480 ) 
4 145 146 (3382 1024 -688 ) (3382 816 -688 ) (3382 816 528 ) (3382 1024 528 ) 
4 146 152 (3344 816 514 ) (3334 816 514 ) (3334 816 384 ) (3344 816 384 ) 
4 146 150 (3382 816 384 ) (3382 816 514 ) (3344 816 514 ) (3344 816 384 ) 
4 146 147 (3334 1024 -688 ) (3334 816 -688 ) (3334 816 528 ) (3334 1024 528 ) 
4 147 158 (3072 816 384 ) (3072 816 528 ) (3072 976 528 ) (3072 976 384 ) 
4 147 157 (3072 1024 544 ) (3072 1024 -688 ) (3072 992 -688 ) (3072 992 544 ) 
4 147 154 (3328 816 384 ) (3328 816 544 ) (3280 816 544 ) (3280 816 384 ) 
4 147 155 (3072 816 544 ) (3072 816 -688 ) (3280 816 -688 ) (3280 816 544 ) 
4 147 152 (3334 816 384 ) (3334 816 514 ) (3328 816 514 ) (3328 816 384 ) 
4 148 151 (3344 800 514 ) (3584 800 514 ) (3584 576 514 ) (3344 576 514 ) 
4 149 151 (3440 800 384 ) (3504 800 384 ) (3504 800 480 ) (3440 800 480 ) 
4 150 152 (3344 816 384 ) (3344 800 384 ) (3344 800 514 ) (3344 816 514 ) 
4 150 151 (3344 800 514 ) (3344 800 384 ) (3408 800 384 ) (3408 800 514 ) 
4 151 153 (3344 720 384 ) (3344 656 384 ) (3344 656 480 ) (3344 720 480 ) 
4 151 152 (3344 800 384 ) (3344 736 384 ) (3344 736 514 ) (3344 800 514 ) 
4 152 154 (3328 816 514 ) (3328 816 384 ) (3328 736 384 ) (3328 736 514 ) 
4 153 156 (3328 672 384 ) (3328 656 384 ) (3328 656 480 ) (3328 672 480 ) 
4 153 154 (3328 720 384 ) (3328 672 384 ) (3328 672 480 ) (3328 720 480 ) 
4 154 156 (3328 672 384 ) (3328 672 576 ) (3280 672 576 ) (3280 672 384 ) 
4 154 155 (3280 816 576 ) (3280 816 384 ) (3280 672 384 ) (3280 672 576 ) 
4 155 158 (3072 816 528 ) (3072 816 384 ) (3072 672 384 ) (3072 672 528 ) 
4 155 156 (3280 672 384 ) (3280 672 576 ) (3072 672 576 ) (3072 672 384 ) 
4 156 158 (3072 624 384 ) (3072 624 528 ) (3072 672 528 ) (3072 672 384 ) 
4 157 169 (2672 992 384 ) (2672 992 908 ) (2672 1024 908 ) (2672 1024 384 ) 
4 158 166 (3024 640 384 ) (3024 575.996460 384 ) (3024 575.996460 528 ) (3024 640 528 ) 
4 158 165 (3024 672 384 ) (3024 640 384 ) (3024 640 528 ) (3024 672 528 ) 
4 158 162 (3024 800 384 ) (3024 672 384 ) (3024 672 528 ) (3024 800 528 ) 
4 158 161 (3024 896 384 ) (3024 800 384 ) (3024 800 528 ) (3024 896 528 ) 
4 158 159 (3024 976 528 ) (3024 976 384 ) (3024 912 384 ) (3024 912 528 ) 
4 159 160 (2928 912 528 ) (2928 976 528 ) (2928 976 384 ) (2928 912 384 ) 
4 160 167 (2800 976 528 ) (2800 976 384 ) (2800 896 384 ) (2800 896 528 ) 
4 160 163 (2928 896 528 ) (2832 896 528 ) (2832 896 384 ) (2928 896 384 ) 
4 161 163 (2928 896 528 ) (2928 896 384 ) (2928 800 384 ) (2928 800 528 ) 
4 161 162 (2960 800 384 ) (3024 800 384 ) (3024 800 528 ) (2960 800 528 ) 
4 162 165 (3024 672 384 ) (3024 672 528 ) (2960 672 528 ) (2960 672 384 ) 
4 163 164 (2928 784 384 ) (2928 784 528 ) (2832 784 528 ) (2832 784 384 ) 
4 164 167 (2800 672 384 ) (2800 672 528 ) (2800 784 528 ) (2800 784 384 ) 
4 165 166 (2960 640 384 ) (3024 640 384 ) (3024 640 528 ) (2960 640 528 ) 
4 166 167 (2800 432 384 ) (2800 432 528 ) (2800 640 528 ) (2800 640 384 ) 
4 167 168 (2688 800 384 ) (2688 704 384 ) (2688 704 512 ) (2688 800 512 ) 
4 168 169 (2672 704 384 ) (2672 704 512 ) (2672 800 512 ) (2672 800 384 ) 
4 169 171 (2496 968 384 ) (2496 776 384 ) (2496 776 520 ) (2496 968 520 ) 
4 169 170 (2496 1024 520 ) (2496 1024 384 ) (2496 1016 384 ) (2496 1016 520 ) 
